[2022-11-12 15:09:31] local.INFO: PDF REPORTS  
[2022-11-12 15:09:31] local.INFO: VC-Report-(01-Mar-2018)-(30-Nov-2018)-1-Employees.pdf  
[2022-11-12 15:09:31] local.INFO: Hey Kanav Sharma  
[2022-11-12 15:11:29] local.INFO: PDF REPORTS  
[2022-11-12 15:11:29] local.INFO: VC-Report-(01-Feb-2018)-(31-Dec-2018)-1-Employees.pdf  
[2022-11-12 15:11:29] local.INFO: Hey Kanav Sharma  
[2022-11-12 15:12:51] local.INFO: PDF REPORTS  
[2022-11-12 15:12:51] local.INFO: VC-Report-(01-Apr-2018)-(30-Jun-2018)-1-Employees.pdf  
[2022-11-12 15:12:51] local.INFO: Hey Kanav Sharma  
[2022-11-12 15:13:44] local.INFO: PDF REPORTS  
[2022-11-12 15:13:44] local.INFO: VC-Report-(01-Feb-2018)-(31-Aug-2018)-1-Employees.pdf  
[2022-11-12 15:13:44] local.INFO: Hey Kanav Sharma  
[2022-11-12 15:15:46] local.INFO: PDF REPORTS  
[2022-11-12 15:15:46] local.INFO: VC-Report-(01-Apr-2018)-(30-Nov-2018)-1-Employees.pdf  
[2022-11-12 15:15:46] local.INFO: Hey Kanav Sharma  
[2022-11-12 15:17:52] local.INFO: PDF REPORTS  
[2022-11-12 15:17:52] local.INFO: VC-Report-(01-Mar-2018)-(31-Dec-2018)-1-Employees.pdf  
[2022-11-12 15:17:52] local.INFO: Hey Kanav Sharma  
[2022-11-12 15:19:05] local.INFO: PDF REPORTS  
[2022-11-12 15:19:05] local.INFO: VC-Report-(01-Mar-2018)-(31-Jan-2019)-1-Employees.pdf  
[2022-11-12 15:19:05] local.INFO: Hey Kanav Sharma  
[2022-11-12 15:20:31] local.INFO: PDF REPORTS  
[2022-11-12 15:20:31] local.INFO: VC-Report-(01-Apr-2018)-(31-Mar-2019)-1-Employees.pdf  
[2022-11-12 15:20:31] local.INFO: Hey Kanav Sharma  
[2022-11-12 15:22:54] local.INFO: PDF REPORTS  
[2022-11-12 15:22:54] local.INFO: VC-Report-(01-Apr-2018)-(31-Dec-2018)-1-Employees.pdf  
[2022-11-12 15:22:54] local.INFO: Hey Kanav Sharma  
[2022-11-12 15:24:08] local.INFO: PDF REPORTS  
[2022-11-12 15:24:08] local.INFO: VC-Report-(01-Apr-2018)-(30-Nov-2018)-1-Employees.pdf  
[2022-11-12 15:24:08] local.INFO: Hey Kanav Sharma  
