[2022-11-01 04:20:26] local.ERROR: SQLSTATE[42S22]: Column not found: 1054 Unknown column 'remember_token' in 'field list' (SQL: update `users` set `remember_token` = 1lJltHOpBYqqIZXQThLPV5xRLkBnY6ZiqliVM3fcRyRJGEqx4QhMvkgd4ZzI where `id` = 964) {"userId":964,"exception":"[object] (Illuminate\\Database\\QueryException(code: 42S22): SQLSTATE[42S22]: Column not found: 1054 Unknown column 'remember_token' in 'field list' (SQL: update `users` set `remember_token` = 1lJltHOpBYqqIZXQThLPV5xRLkBnY6ZiqliVM3fcRyRJGEqx4QhMvkgd4ZzI where `id` = 964) at /var/www/vhosts/db-preprod.com360degree.com/httpdocs/vendor/laravel/framework/src/Illuminate/Database/Connection.php:671)
[stacktrace]
#0 /var/www/vhosts/db-preprod.com360degree.com/httpdocs/vendor/laravel/framework/src/Illuminate/Database/Connection.php(631): Illuminate\\Database\\Connection->runQueryCallback()
#1 /var/www/vhosts/db-preprod.com360degree.com/httpdocs/vendor/laravel/framework/src/Illuminate/Database/Connection.php(496): Illuminate\\Database\\Connection->run()
#2 /var/www/vhosts/db-preprod.com360degree.com/httpdocs/vendor/laravel/framework/src/Illuminate/Database/Connection.php(429): Illuminate\\Database\\Connection->affectingStatement()
#3 /var/www/vhosts/db-preprod.com360degree.com/httpdocs/vendor/laravel/framework/src/Illuminate/Database/Query/Builder.php(2860): Illuminate\\Database\\Connection->update()
#4 /var/www/vhosts/db-preprod.com360degree.com/httpdocs/vendor/laravel/framework/src/Illuminate/Database/Eloquent/Builder.php(801): Illuminate\\Database\\Query\\Builder->update()
#5 /var/www/vhosts/db-preprod.com360degree.com/httpdocs/vendor/laravel/framework/src/Illuminate/Database/Eloquent/Model.php(808): Illuminate\\Database\\Eloquent\\Builder->update()
#6 /var/www/vhosts/db-preprod.com360degree.com/httpdocs/vendor/laravel/framework/src/Illuminate/Database/Eloquent/Model.php(723): Illuminate\\Database\\Eloquent\\Model->performUpdate()
#7 /var/www/vhosts/db-preprod.com360degree.com/httpdocs/vendor/laravel/framework/src/Illuminate/Auth/EloquentUserProvider.php(95): Illuminate\\Database\\Eloquent\\Model->save()
#8 /var/www/vhosts/db-preprod.com360degree.com/httpdocs/vendor/laravel/framework/src/Illuminate/Auth/SessionGuard.php(545): Illuminate\\Auth\\EloquentUserProvider->updateRememberToken()
#9 /var/www/vhosts/db-preprod.com360degree.com/httpdocs/vendor/laravel/framework/src/Illuminate/Auth/SessionGuard.php(462): Illuminate\\Auth\\SessionGuard->cycleRememberToken()
#10 /var/www/vhosts/db-preprod.com360degree.com/httpdocs/vendor/laravel/framework/src/Illuminate/Auth/SessionGuard.php(427): Illuminate\\Auth\\SessionGuard->ensureRememberTokenIsSet()
#11 /var/www/vhosts/db-preprod.com360degree.com/httpdocs/vendor/laravel/framework/src/Illuminate/Auth/SessionGuard.php(363): Illuminate\\Auth\\SessionGuard->login()
#12 /var/www/vhosts/db-preprod.com360degree.com/httpdocs/vendor/laravel/ui/auth-backend/AuthenticatesUsers.php(83): Illuminate\\Auth\\SessionGuard->attempt()
#13 /var/www/vhosts/db-preprod.com360degree.com/httpdocs/vendor/laravel/ui/auth-backend/AuthenticatesUsers.php(46): App\\Http\\Controllers\\Auth\\LoginController->attemptLogin()
#14 /var/www/vhosts/db-preprod.com360degree.com/httpdocs/vendor/laravel/framework/src/Illuminate/Routing/Controller.php(54): App\\Http\\Controllers\\Auth\\LoginController->login()
#15 /var/www/vhosts/db-preprod.com360degree.com/httpdocs/vendor/laravel/framework/src/Illuminate/Routing/ControllerDispatcher.php(45): Illuminate\\Routing\\Controller->callAction()
#16 /var/www/vhosts/db-preprod.com360degree.com/httpdocs/vendor/laravel/framework/src/Illuminate/Routing/Route.php(239): Illuminate\\Routing\\ControllerDispatcher->dispatch()
#17 /var/www/vhosts/db-preprod.com360degree.com/httpdocs/vendor/laravel/framework/src/Illuminate/Routing/Route.php(196): Illuminate\\Routing\\Route->runController()
#18 /var/www/vhosts/db-preprod.com360degree.com/httpdocs/vendor/laravel/framework/src/Illuminate/Routing/Router.php(685): Illuminate\\Routing\\Route->run()
#19 /var/www/vhosts/db-preprod.com360degree.com/httpdocs/vendor/laravel/framework/src/Illuminate/Pipeline/Pipeline.php(128): Illuminate\\Routing\\Router->Illuminate\\Routing\\{closure}()
#20 /var/www/vhosts/db-preprod.com360degree.com/httpdocs/app/Http/Middleware/RedirectIfAuthenticated.php(25): Illuminate\\Pipeline\\Pipeline->Illuminate\\Pipeline\\{closure}()
#21 /var/www/vhosts/db-preprod.com360degree.com/httpdocs/vendor/laravel/framework/src/Illuminate/Pipeline/Pipeline.php(167): App\\Http\\Middleware\\RedirectIfAuthenticated->handle()
#22 /var/www/vhosts/db-preprod.com360degree.com/httpdocs/vendor/laravel/framework/src/Illuminate/Routing/Middleware/SubstituteBindings.php(41): Illuminate\\Pipeline\\Pipeline->Illuminate\\Pipeline\\{closure}()
#23 /var/www/vhosts/db-preprod.com360degree.com/httpdocs/vendor/laravel/framework/src/Illuminate/Pipeline/Pipeline.php(167): Illuminate\\Routing\\Middleware\\SubstituteBindings->handle()
#24 /var/www/vhosts/db-preprod.com360degree.com/httpdocs/vendor/laravel/framework/src/Illuminate/Foundation/Http/Middleware/VerifyCsrfToken.php(77): Illuminate\\Pipeline\\Pipeline->Illuminate\\Pipeline\\{closure}()
#25 /var/www/vhosts/db-preprod.com360degree.com/httpdocs/vendor/laravel/framework/src/Illuminate/Pipeline/Pipeline.php(167): Illuminate\\Foundation\\Http\\Middleware\\VerifyCsrfToken->handle()
#26 /var/www/vhosts/db-preprod.com360degree.com/httpdocs/vendor/laravel/framework/src/Illuminate/View/Middleware/ShareErrorsFromSession.php(49): Illuminate\\Pipeline\\Pipeline->Illuminate\\Pipeline\\{closure}()
#27 /var/www/vhosts/db-preprod.com360degree.com/httpdocs/vendor/laravel/framework/src/Illuminate/Pipeline/Pipeline.php(167): Illuminate\\View\\Middleware\\ShareErrorsFromSession->handle()
#28 /var/www/vhosts/db-preprod.com360degree.com/httpdocs/vendor/laravel/framework/src/Illuminate/Session/Middleware/StartSession.php(116): Illuminate\\Pipeline\\Pipeline->Illuminate\\Pipeline\\{closure}()
#29 /var/www/vhosts/db-preprod.com360degree.com/httpdocs/vendor/laravel/framework/src/Illuminate/Session/Middleware/StartSession.php(62): Illuminate\\Session\\Middleware\\StartSession->handleStatefulRequest()
#30 /var/www/vhosts/db-preprod.com360degree.com/httpdocs/vendor/laravel/framework/src/Illuminate/Pipeline/Pipeline.php(167): Illuminate\\Session\\Middleware\\StartSession->handle()
#31 /var/www/vhosts/db-preprod.com360degree.com/httpdocs/vendor/laravel/framework/src/Illuminate/Cookie/Middleware/AddQueuedCookiesToResponse.php(37): Illuminate\\Pipeline\\Pipeline->Illuminate\\Pipeline\\{closure}()
#32 /var/www/vhosts/db-preprod.com360degree.com/httpdocs/vendor/laravel/framework/src/Illuminate/Pipeline/Pipeline.php(167): Illuminate\\Cookie\\Middleware\\AddQueuedCookiesToResponse->handle()
#33 /var/www/vhosts/db-preprod.com360degree.com/httpdocs/vendor/laravel/framework/src/Illuminate/Cookie/Middleware/EncryptCookies.php(67): Illuminate\\Pipeline\\Pipeline->Illuminate\\Pipeline\\{closure}()
#34 /var/www/vhosts/db-preprod.com360degree.com/httpdocs/vendor/laravel/framework/src/Illuminate/Pipeline/Pipeline.php(167): Illuminate\\Cookie\\Middleware\\EncryptCookies->handle()
#35 /var/www/vhosts/db-preprod.com360degree.com/httpdocs/vendor/laravel/framework/src/Illuminate/Pipeline/Pipeline.php(103): Illuminate\\Pipeline\\Pipeline->Illuminate\\Pipeline\\{closure}()
#36 /var/www/vhosts/db-preprod.com360degree.com/httpdocs/vendor/laravel/framework/src/Illuminate/Routing/Router.php(687): Illuminate\\Pipeline\\Pipeline->then()
#37 /var/www/vhosts/db-preprod.com360degree.com/httpdocs/vendor/laravel/framework/src/Illuminate/Routing/Router.php(662): Illuminate\\Routing\\Router->runRouteWithinStack()
#38 /var/www/vhosts/db-preprod.com360degree.com/httpdocs/vendor/laravel/framework/src/Illuminate/Routing/Router.php(628): Illuminate\\Routing\\Router->runRoute()
#39 /var/www/vhosts/db-preprod.com360degree.com/httpdocs/vendor/laravel/framework/src/Illuminate/Routing/Router.php(617): Illuminate\\Routing\\Router->dispatchToRoute()
#40 /var/www/vhosts/db-preprod.com360degree.com/httpdocs/vendor/laravel/framework/src/Illuminate/Foundation/Http/Kernel.php(165): Illuminate\\Routing\\Router->dispatch()
#41 /var/www/vhosts/db-preprod.com360degree.com/httpdocs/vendor/laravel/framework/src/Illuminate/Pipeline/Pipeline.php(128): Illuminate\\Foundation\\Http\\Kernel->Illuminate\\Foundation\\Http\\{closure}()
#42 /var/www/vhosts/db-preprod.com360degree.com/httpdocs/vendor/laravel/framework/src/Illuminate/Foundation/Http/Middleware/TransformsRequest.php(21): Illuminate\\Pipeline\\Pipeline->Illuminate\\Pipeline\\{closure}()
#43 /var/www/vhosts/db-preprod.com360degree.com/httpdocs/vendor/laravel/framework/src/Illuminate/Pipeline/Pipeline.php(167): Illuminate\\Foundation\\Http\\Middleware\\TransformsRequest->handle()
#44 /var/www/vhosts/db-preprod.com360degree.com/httpdocs/vendor/laravel/framework/src/Illuminate/Foundation/Http/Middleware/TransformsRequest.php(21): Illuminate\\Pipeline\\Pipeline->Illuminate\\Pipeline\\{closure}()
#45 /var/www/vhosts/db-preprod.com360degree.com/httpdocs/vendor/laravel/framework/src/Illuminate/Pipeline/Pipeline.php(167): Illuminate\\Foundation\\Http\\Middleware\\TransformsRequest->handle()
#46 /var/www/vhosts/db-preprod.com360degree.com/httpdocs/vendor/laravel/framework/src/Illuminate/Foundation/Http/Middleware/ValidatePostSize.php(27): Illuminate\\Pipeline\\Pipeline->Illuminate\\Pipeline\\{closure}()
#47 /var/www/vhosts/db-preprod.com360degree.com/httpdocs/vendor/laravel/framework/src/Illuminate/Pipeline/Pipeline.php(167): Illuminate\\Foundation\\Http\\Middleware\\ValidatePostSize->handle()
#48 /var/www/vhosts/db-preprod.com360degree.com/httpdocs/vendor/laravel/framework/src/Illuminate/Foundation/Http/Middleware/CheckForMaintenanceMode.php(63): Illuminate\\Pipeline\\Pipeline->Illuminate\\Pipeline\\{closure}()
#49 /var/www/vhosts/db-preprod.com360degree.com/httpdocs/vendor/laravel/framework/src/Illuminate/Pipeline/Pipeline.php(167): Illuminate\\Foundation\\Http\\Middleware\\CheckForMaintenanceMode->handle()
#50 /var/www/vhosts/db-preprod.com360degree.com/httpdocs/vendor/barryvdh/laravel-cors/src/HandleCors.php(37): Illuminate\\Pipeline\\Pipeline->Illuminate\\Pipeline\\{closure}()
#51 /var/www/vhosts/db-preprod.com360degree.com/httpdocs/vendor/laravel/framework/src/Illuminate/Pipeline/Pipeline.php(167): Fruitcake\\Cors\\HandleCors->handle()
#52 /var/www/vhosts/db-preprod.com360degree.com/httpdocs/vendor/fideloper/proxy/src/TrustProxies.php(57): Illuminate\\Pipeline\\Pipeline->Illuminate\\Pipeline\\{closure}()
#53 /var/www/vhosts/db-preprod.com360degree.com/httpdocs/vendor/laravel/framework/src/Illuminate/Pipeline/Pipeline.php(167): Fideloper\\Proxy\\TrustProxies->handle()
#54 /var/www/vhosts/db-preprod.com360degree.com/httpdocs/vendor/laravel/framework/src/Illuminate/Pipeline/Pipeline.php(103): Illuminate\\Pipeline\\Pipeline->Illuminate\\Pipeline\\{closure}()
#55 /var/www/vhosts/db-preprod.com360degree.com/httpdocs/vendor/laravel/framework/src/Illuminate/Foundation/Http/Kernel.php(140): Illuminate\\Pipeline\\Pipeline->then()
#56 /var/www/vhosts/db-preprod.com360degree.com/httpdocs/vendor/laravel/framework/src/Illuminate/Foundation/Http/Kernel.php(109): Illuminate\\Foundation\\Http\\Kernel->sendRequestThroughRouter()
#57 /var/www/vhosts/db-preprod.com360degree.com/httpdocs/index.php(55): Illuminate\\Foundation\\Http\\Kernel->handle()
#58 {main}

[previous exception] [object] (PDOException(code: 42S22): SQLSTATE[42S22]: Column not found: 1054 Unknown column 'remember_token' in 'field list' at /var/www/vhosts/db-preprod.com360degree.com/httpdocs/vendor/laravel/framework/src/Illuminate/Database/Connection.php:485)
[stacktrace]
#0 /var/www/vhosts/db-preprod.com360degree.com/httpdocs/vendor/laravel/framework/src/Illuminate/Database/Connection.php(485): PDO->prepare()
#1 /var/www/vhosts/db-preprod.com360degree.com/httpdocs/vendor/laravel/framework/src/Illuminate/Database/Connection.php(664): Illuminate\\Database\\Connection->Illuminate\\Database\\{closure}()
#2 /var/www/vhosts/db-preprod.com360degree.com/httpdocs/vendor/laravel/framework/src/Illuminate/Database/Connection.php(631): Illuminate\\Database\\Connection->runQueryCallback()
#3 /var/www/vhosts/db-preprod.com360degree.com/httpdocs/vendor/laravel/framework/src/Illuminate/Database/Connection.php(496): Illuminate\\Database\\Connection->run()
#4 /var/www/vhosts/db-preprod.com360degree.com/httpdocs/vendor/laravel/framework/src/Illuminate/Database/Connection.php(429): Illuminate\\Database\\Connection->affectingStatement()
#5 /var/www/vhosts/db-preprod.com360degree.com/httpdocs/vendor/laravel/framework/src/Illuminate/Database/Query/Builder.php(2860): Illuminate\\Database\\Connection->update()
#6 /var/www/vhosts/db-preprod.com360degree.com/httpdocs/vendor/laravel/framework/src/Illuminate/Database/Eloquent/Builder.php(801): Illuminate\\Database\\Query\\Builder->update()
#7 /var/www/vhosts/db-preprod.com360degree.com/httpdocs/vendor/laravel/framework/src/Illuminate/Database/Eloquent/Model.php(808): Illuminate\\Database\\Eloquent\\Builder->update()
#8 /var/www/vhosts/db-preprod.com360degree.com/httpdocs/vendor/laravel/framework/src/Illuminate/Database/Eloquent/Model.php(723): Illuminate\\Database\\Eloquent\\Model->performUpdate()
#9 /var/www/vhosts/db-preprod.com360degree.com/httpdocs/vendor/laravel/framework/src/Illuminate/Auth/EloquentUserProvider.php(95): Illuminate\\Database\\Eloquent\\Model->save()
#10 /var/www/vhosts/db-preprod.com360degree.com/httpdocs/vendor/laravel/framework/src/Illuminate/Auth/SessionGuard.php(545): Illuminate\\Auth\\EloquentUserProvider->updateRememberToken()
#11 /var/www/vhosts/db-preprod.com360degree.com/httpdocs/vendor/laravel/framework/src/Illuminate/Auth/SessionGuard.php(462): Illuminate\\Auth\\SessionGuard->cycleRememberToken()
#12 /var/www/vhosts/db-preprod.com360degree.com/httpdocs/vendor/laravel/framework/src/Illuminate/Auth/SessionGuard.php(427): Illuminate\\Auth\\SessionGuard->ensureRememberTokenIsSet()
#13 /var/www/vhosts/db-preprod.com360degree.com/httpdocs/vendor/laravel/framework/src/Illuminate/Auth/SessionGuard.php(363): Illuminate\\Auth\\SessionGuard->login()
#14 /var/www/vhosts/db-preprod.com360degree.com/httpdocs/vendor/laravel/ui/auth-backend/AuthenticatesUsers.php(83): Illuminate\\Auth\\SessionGuard->attempt()
#15 /var/www/vhosts/db-preprod.com360degree.com/httpdocs/vendor/laravel/ui/auth-backend/AuthenticatesUsers.php(46): App\\Http\\Controllers\\Auth\\LoginController->attemptLogin()
#16 /var/www/vhosts/db-preprod.com360degree.com/httpdocs/vendor/laravel/framework/src/Illuminate/Routing/Controller.php(54): App\\Http\\Controllers\\Auth\\LoginController->login()
#17 /var/www/vhosts/db-preprod.com360degree.com/httpdocs/vendor/laravel/framework/src/Illuminate/Routing/ControllerDispatcher.php(45): Illuminate\\Routing\\Controller->callAction()
#18 /var/www/vhosts/db-preprod.com360degree.com/httpdocs/vendor/laravel/framework/src/Illuminate/Routing/Route.php(239): Illuminate\\Routing\\ControllerDispatcher->dispatch()
#19 /var/www/vhosts/db-preprod.com360degree.com/httpdocs/vendor/laravel/framework/src/Illuminate/Routing/Route.php(196): Illuminate\\Routing\\Route->runController()
#20 /var/www/vhosts/db-preprod.com360degree.com/httpdocs/vendor/laravel/framework/src/Illuminate/Routing/Router.php(685): Illuminate\\Routing\\Route->run()
#21 /var/www/vhosts/db-preprod.com360degree.com/httpdocs/vendor/laravel/framework/src/Illuminate/Pipeline/Pipeline.php(128): Illuminate\\Routing\\Router->Illuminate\\Routing\\{closure}()
#22 /var/www/vhosts/db-preprod.com360degree.com/httpdocs/app/Http/Middleware/RedirectIfAuthenticated.php(25): Illuminate\\Pipeline\\Pipeline->Illuminate\\Pipeline\\{closure}()
#23 /var/www/vhosts/db-preprod.com360degree.com/httpdocs/vendor/laravel/framework/src/Illuminate/Pipeline/Pipeline.php(167): App\\Http\\Middleware\\RedirectIfAuthenticated->handle()
#24 /var/www/vhosts/db-preprod.com360degree.com/httpdocs/vendor/laravel/framework/src/Illuminate/Routing/Middleware/SubstituteBindings.php(41): Illuminate\\Pipeline\\Pipeline->Illuminate\\Pipeline\\{closure}()
#25 /var/www/vhosts/db-preprod.com360degree.com/httpdocs/vendor/laravel/framework/src/Illuminate/Pipeline/Pipeline.php(167): Illuminate\\Routing\\Middleware\\SubstituteBindings->handle()
#26 /var/www/vhosts/db-preprod.com360degree.com/httpdocs/vendor/laravel/framework/src/Illuminate/Foundation/Http/Middleware/VerifyCsrfToken.php(77): Illuminate\\Pipeline\\Pipeline->Illuminate\\Pipeline\\{closure}()
#27 /var/www/vhosts/db-preprod.com360degree.com/httpdocs/vendor/laravel/framework/src/Illuminate/Pipeline/Pipeline.php(167): Illuminate\\Foundation\\Http\\Middleware\\VerifyCsrfToken->handle()
#28 /var/www/vhosts/db-preprod.com360degree.com/httpdocs/vendor/laravel/framework/src/Illuminate/View/Middleware/ShareErrorsFromSession.php(49): Illuminate\\Pipeline\\Pipeline->Illuminate\\Pipeline\\{closure}()
#29 /var/www/vhosts/db-preprod.com360degree.com/httpdocs/vendor/laravel/framework/src/Illuminate/Pipeline/Pipeline.php(167): Illuminate\\View\\Middleware\\ShareErrorsFromSession->handle()
#30 /var/www/vhosts/db-preprod.com360degree.com/httpdocs/vendor/laravel/framework/src/Illuminate/Session/Middleware/StartSession.php(116): Illuminate\\Pipeline\\Pipeline->Illuminate\\Pipeline\\{closure}()
#31 /var/www/vhosts/db-preprod.com360degree.com/httpdocs/vendor/laravel/framework/src/Illuminate/Session/Middleware/StartSession.php(62): Illuminate\\Session\\Middleware\\StartSession->handleStatefulRequest()
#32 /var/www/vhosts/db-preprod.com360degree.com/httpdocs/vendor/laravel/framework/src/Illuminate/Pipeline/Pipeline.php(167): Illuminate\\Session\\Middleware\\StartSession->handle()
#33 /var/www/vhosts/db-preprod.com360degree.com/httpdocs/vendor/laravel/framework/src/Illuminate/Cookie/Middleware/AddQueuedCookiesToResponse.php(37): Illuminate\\Pipeline\\Pipeline->Illuminate\\Pipeline\\{closure}()
#34 /var/www/vhosts/db-preprod.com360degree.com/httpdocs/vendor/laravel/framework/src/Illuminate/Pipeline/Pipeline.php(167): Illuminate\\Cookie\\Middleware\\AddQueuedCookiesToResponse->handle()
#35 /var/www/vhosts/db-preprod.com360degree.com/httpdocs/vendor/laravel/framework/src/Illuminate/Cookie/Middleware/EncryptCookies.php(67): Illuminate\\Pipeline\\Pipeline->Illuminate\\Pipeline\\{closure}()
#36 /var/www/vhosts/db-preprod.com360degree.com/httpdocs/vendor/laravel/framework/src/Illuminate/Pipeline/Pipeline.php(167): Illuminate\\Cookie\\Middleware\\EncryptCookies->handle()
#37 /var/www/vhosts/db-preprod.com360degree.com/httpdocs/vendor/laravel/framework/src/Illuminate/Pipeline/Pipeline.php(103): Illuminate\\Pipeline\\Pipeline->Illuminate\\Pipeline\\{closure}()
#38 /var/www/vhosts/db-preprod.com360degree.com/httpdocs/vendor/laravel/framework/src/Illuminate/Routing/Router.php(687): Illuminate\\Pipeline\\Pipeline->then()
#39 /var/www/vhosts/db-preprod.com360degree.com/httpdocs/vendor/laravel/framework/src/Illuminate/Routing/Router.php(662): Illuminate\\Routing\\Router->runRouteWithinStack()
#40 /var/www/vhosts/db-preprod.com360degree.com/httpdocs/vendor/laravel/framework/src/Illuminate/Routing/Router.php(628): Illuminate\\Routing\\Router->runRoute()
#41 /var/www/vhosts/db-preprod.com360degree.com/httpdocs/vendor/laravel/framework/src/Illuminate/Routing/Router.php(617): Illuminate\\Routing\\Router->dispatchToRoute()
#42 /var/www/vhosts/db-preprod.com360degree.com/httpdocs/vendor/laravel/framework/src/Illuminate/Foundation/Http/Kernel.php(165): Illuminate\\Routing\\Router->dispatch()
#43 /var/www/vhosts/db-preprod.com360degree.com/httpdocs/vendor/laravel/framework/src/Illuminate/Pipeline/Pipeline.php(128): Illuminate\\Foundation\\Http\\Kernel->Illuminate\\Foundation\\Http\\{closure}()
#44 /var/www/vhosts/db-preprod.com360degree.com/httpdocs/vendor/laravel/framework/src/Illuminate/Foundation/Http/Middleware/TransformsRequest.php(21): Illuminate\\Pipeline\\Pipeline->Illuminate\\Pipeline\\{closure}()
#45 /var/www/vhosts/db-preprod.com360degree.com/httpdocs/vendor/laravel/framework/src/Illuminate/Pipeline/Pipeline.php(167): Illuminate\\Foundation\\Http\\Middleware\\TransformsRequest->handle()
#46 /var/www/vhosts/db-preprod.com360degree.com/httpdocs/vendor/laravel/framework/src/Illuminate/Foundation/Http/Middleware/TransformsRequest.php(21): Illuminate\\Pipeline\\Pipeline->Illuminate\\Pipeline\\{closure}()
#47 /var/www/vhosts/db-preprod.com360degree.com/httpdocs/vendor/laravel/framework/src/Illuminate/Pipeline/Pipeline.php(167): Illuminate\\Foundation\\Http\\Middleware\\TransformsRequest->handle()
#48 /var/www/vhosts/db-preprod.com360degree.com/httpdocs/vendor/laravel/framework/src/Illuminate/Foundation/Http/Middleware/ValidatePostSize.php(27): Illuminate\\Pipeline\\Pipeline->Illuminate\\Pipeline\\{closure}()
#49 /var/www/vhosts/db-preprod.com360degree.com/httpdocs/vendor/laravel/framework/src/Illuminate/Pipeline/Pipeline.php(167): Illuminate\\Foundation\\Http\\Middleware\\ValidatePostSize->handle()
#50 /var/www/vhosts/db-preprod.com360degree.com/httpdocs/vendor/laravel/framework/src/Illuminate/Foundation/Http/Middleware/CheckForMaintenanceMode.php(63): Illuminate\\Pipeline\\Pipeline->Illuminate\\Pipeline\\{closure}()
#51 /var/www/vhosts/db-preprod.com360degree.com/httpdocs/vendor/laravel/framework/src/Illuminate/Pipeline/Pipeline.php(167): Illuminate\\Foundation\\Http\\Middleware\\CheckForMaintenanceMode->handle()
#52 /var/www/vhosts/db-preprod.com360degree.com/httpdocs/vendor/barryvdh/laravel-cors/src/HandleCors.php(37): Illuminate\\Pipeline\\Pipeline->Illuminate\\Pipeline\\{closure}()
#53 /var/www/vhosts/db-preprod.com360degree.com/httpdocs/vendor/laravel/framework/src/Illuminate/Pipeline/Pipeline.php(167): Fruitcake\\Cors\\HandleCors->handle()
#54 /var/www/vhosts/db-preprod.com360degree.com/httpdocs/vendor/fideloper/proxy/src/TrustProxies.php(57): Illuminate\\Pipeline\\Pipeline->Illuminate\\Pipeline\\{closure}()
#55 /var/www/vhosts/db-preprod.com360degree.com/httpdocs/vendor/laravel/framework/src/Illuminate/Pipeline/Pipeline.php(167): Fideloper\\Proxy\\TrustProxies->handle()
#56 /var/www/vhosts/db-preprod.com360degree.com/httpdocs/vendor/laravel/framework/src/Illuminate/Pipeline/Pipeline.php(103): Illuminate\\Pipeline\\Pipeline->Illuminate\\Pipeline\\{closure}()
#57 /var/www/vhosts/db-preprod.com360degree.com/httpdocs/vendor/laravel/framework/src/Illuminate/Foundation/Http/Kernel.php(140): Illuminate\\Pipeline\\Pipeline->then()
#58 /var/www/vhosts/db-preprod.com360degree.com/httpdocs/vendor/laravel/framework/src/Illuminate/Foundation/Http/Kernel.php(109): Illuminate\\Foundation\\Http\\Kernel->sendRequestThroughRouter()
#59 /var/www/vhosts/db-preprod.com360degree.com/httpdocs/index.php(55): Illuminate\\Foundation\\Http\\Kernel->handle()
#60 {main}
"} 
[2022-11-01 04:35:20] local.ERROR: SQLSTATE[42S22]: Column not found: 1054 Unknown column 'remember_token' in 'field list' (SQL: update `users` set `remember_token` = YUpdJL8uLJuuaHJqRAk8wZ4MRN86cx4ZU1lL22FiV3fg5SGRxirTElS5Kelw where `id` = 964) {"userId":964,"exception":"[object] (Illuminate\\Database\\QueryException(code: 42S22): SQLSTATE[42S22]: Column not found: 1054 Unknown column 'remember_token' in 'field list' (SQL: update `users` set `remember_token` = YUpdJL8uLJuuaHJqRAk8wZ4MRN86cx4ZU1lL22FiV3fg5SGRxirTElS5Kelw where `id` = 964) at /var/www/vhosts/db-preprod.com360degree.com/httpdocs/vendor/laravel/framework/src/Illuminate/Database/Connection.php:671)
[stacktrace]
#0 /var/www/vhosts/db-preprod.com360degree.com/httpdocs/vendor/laravel/framework/src/Illuminate/Database/Connection.php(631): Illuminate\\Database\\Connection->runQueryCallback()
#1 /var/www/vhosts/db-preprod.com360degree.com/httpdocs/vendor/laravel/framework/src/Illuminate/Database/Connection.php(496): Illuminate\\Database\\Connection->run()
#2 /var/www/vhosts/db-preprod.com360degree.com/httpdocs/vendor/laravel/framework/src/Illuminate/Database/Connection.php(429): Illuminate\\Database\\Connection->affectingStatement()
#3 /var/www/vhosts/db-preprod.com360degree.com/httpdocs/vendor/laravel/framework/src/Illuminate/Database/Query/Builder.php(2860): Illuminate\\Database\\Connection->update()
#4 /var/www/vhosts/db-preprod.com360degree.com/httpdocs/vendor/laravel/framework/src/Illuminate/Database/Eloquent/Builder.php(801): Illuminate\\Database\\Query\\Builder->update()
#5 /var/www/vhosts/db-preprod.com360degree.com/httpdocs/vendor/laravel/framework/src/Illuminate/Database/Eloquent/Model.php(808): Illuminate\\Database\\Eloquent\\Builder->update()
#6 /var/www/vhosts/db-preprod.com360degree.com/httpdocs/vendor/laravel/framework/src/Illuminate/Database/Eloquent/Model.php(723): Illuminate\\Database\\Eloquent\\Model->performUpdate()
#7 /var/www/vhosts/db-preprod.com360degree.com/httpdocs/vendor/laravel/framework/src/Illuminate/Auth/EloquentUserProvider.php(95): Illuminate\\Database\\Eloquent\\Model->save()
#8 /var/www/vhosts/db-preprod.com360degree.com/httpdocs/vendor/laravel/framework/src/Illuminate/Auth/SessionGuard.php(545): Illuminate\\Auth\\EloquentUserProvider->updateRememberToken()
#9 /var/www/vhosts/db-preprod.com360degree.com/httpdocs/vendor/laravel/framework/src/Illuminate/Auth/SessionGuard.php(462): Illuminate\\Auth\\SessionGuard->cycleRememberToken()
#10 /var/www/vhosts/db-preprod.com360degree.com/httpdocs/vendor/laravel/framework/src/Illuminate/Auth/SessionGuard.php(427): Illuminate\\Auth\\SessionGuard->ensureRememberTokenIsSet()
#11 /var/www/vhosts/db-preprod.com360degree.com/httpdocs/vendor/laravel/framework/src/Illuminate/Auth/SessionGuard.php(363): Illuminate\\Auth\\SessionGuard->login()
#12 /var/www/vhosts/db-preprod.com360degree.com/httpdocs/vendor/laravel/ui/auth-backend/AuthenticatesUsers.php(83): Illuminate\\Auth\\SessionGuard->attempt()
#13 /var/www/vhosts/db-preprod.com360degree.com/httpdocs/vendor/laravel/ui/auth-backend/AuthenticatesUsers.php(46): App\\Http\\Controllers\\Auth\\LoginController->attemptLogin()
#14 /var/www/vhosts/db-preprod.com360degree.com/httpdocs/vendor/laravel/framework/src/Illuminate/Routing/Controller.php(54): App\\Http\\Controllers\\Auth\\LoginController->login()
#15 /var/www/vhosts/db-preprod.com360degree.com/httpdocs/vendor/laravel/framework/src/Illuminate/Routing/ControllerDispatcher.php(45): Illuminate\\Routing\\Controller->callAction()
#16 /var/www/vhosts/db-preprod.com360degree.com/httpdocs/vendor/laravel/framework/src/Illuminate/Routing/Route.php(239): Illuminate\\Routing\\ControllerDispatcher->dispatch()
#17 /var/www/vhosts/db-preprod.com360degree.com/httpdocs/vendor/laravel/framework/src/Illuminate/Routing/Route.php(196): Illuminate\\Routing\\Route->runController()
#18 /var/www/vhosts/db-preprod.com360degree.com/httpdocs/vendor/laravel/framework/src/Illuminate/Routing/Router.php(685): Illuminate\\Routing\\Route->run()
#19 /var/www/vhosts/db-preprod.com360degree.com/httpdocs/vendor/laravel/framework/src/Illuminate/Pipeline/Pipeline.php(128): Illuminate\\Routing\\Router->Illuminate\\Routing\\{closure}()
#20 /var/www/vhosts/db-preprod.com360degree.com/httpdocs/app/Http/Middleware/RedirectIfAuthenticated.php(25): Illuminate\\Pipeline\\Pipeline->Illuminate\\Pipeline\\{closure}()
#21 /var/www/vhosts/db-preprod.com360degree.com/httpdocs/vendor/laravel/framework/src/Illuminate/Pipeline/Pipeline.php(167): App\\Http\\Middleware\\RedirectIfAuthenticated->handle()
#22 /var/www/vhosts/db-preprod.com360degree.com/httpdocs/vendor/laravel/framework/src/Illuminate/Routing/Middleware/SubstituteBindings.php(41): Illuminate\\Pipeline\\Pipeline->Illuminate\\Pipeline\\{closure}()
#23 /var/www/vhosts/db-preprod.com360degree.com/httpdocs/vendor/laravel/framework/src/Illuminate/Pipeline/Pipeline.php(167): Illuminate\\Routing\\Middleware\\SubstituteBindings->handle()
#24 /var/www/vhosts/db-preprod.com360degree.com/httpdocs/vendor/laravel/framework/src/Illuminate/Foundation/Http/Middleware/VerifyCsrfToken.php(77): Illuminate\\Pipeline\\Pipeline->Illuminate\\Pipeline\\{closure}()
#25 /var/www/vhosts/db-preprod.com360degree.com/httpdocs/vendor/laravel/framework/src/Illuminate/Pipeline/Pipeline.php(167): Illuminate\\Foundation\\Http\\Middleware\\VerifyCsrfToken->handle()
#26 /var/www/vhosts/db-preprod.com360degree.com/httpdocs/vendor/laravel/framework/src/Illuminate/View/Middleware/ShareErrorsFromSession.php(49): Illuminate\\Pipeline\\Pipeline->Illuminate\\Pipeline\\{closure}()
#27 /var/www/vhosts/db-preprod.com360degree.com/httpdocs/vendor/laravel/framework/src/Illuminate/Pipeline/Pipeline.php(167): Illuminate\\View\\Middleware\\ShareErrorsFromSession->handle()
#28 /var/www/vhosts/db-preprod.com360degree.com/httpdocs/vendor/laravel/framework/src/Illuminate/Session/Middleware/StartSession.php(116): Illuminate\\Pipeline\\Pipeline->Illuminate\\Pipeline\\{closure}()
#29 /var/www/vhosts/db-preprod.com360degree.com/httpdocs/vendor/laravel/framework/src/Illuminate/Session/Middleware/StartSession.php(62): Illuminate\\Session\\Middleware\\StartSession->handleStatefulRequest()
#30 /var/www/vhosts/db-preprod.com360degree.com/httpdocs/vendor/laravel/framework/src/Illuminate/Pipeline/Pipeline.php(167): Illuminate\\Session\\Middleware\\StartSession->handle()
#31 /var/www/vhosts/db-preprod.com360degree.com/httpdocs/vendor/laravel/framework/src/Illuminate/Cookie/Middleware/AddQueuedCookiesToResponse.php(37): Illuminate\\Pipeline\\Pipeline->Illuminate\\Pipeline\\{closure}()
#32 /var/www/vhosts/db-preprod.com360degree.com/httpdocs/vendor/laravel/framework/src/Illuminate/Pipeline/Pipeline.php(167): Illuminate\\Cookie\\Middleware\\AddQueuedCookiesToResponse->handle()
#33 /var/www/vhosts/db-preprod.com360degree.com/httpdocs/vendor/laravel/framework/src/Illuminate/Cookie/Middleware/EncryptCookies.php(67): Illuminate\\Pipeline\\Pipeline->Illuminate\\Pipeline\\{closure}()
#34 /var/www/vhosts/db-preprod.com360degree.com/httpdocs/vendor/laravel/framework/src/Illuminate/Pipeline/Pipeline.php(167): Illuminate\\Cookie\\Middleware\\EncryptCookies->handle()
#35 /var/www/vhosts/db-preprod.com360degree.com/httpdocs/vendor/laravel/framework/src/Illuminate/Pipeline/Pipeline.php(103): Illuminate\\Pipeline\\Pipeline->Illuminate\\Pipeline\\{closure}()
#36 /var/www/vhosts/db-preprod.com360degree.com/httpdocs/vendor/laravel/framework/src/Illuminate/Routing/Router.php(687): Illuminate\\Pipeline\\Pipeline->then()
#37 /var/www/vhosts/db-preprod.com360degree.com/httpdocs/vendor/laravel/framework/src/Illuminate/Routing/Router.php(662): Illuminate\\Routing\\Router->runRouteWithinStack()
#38 /var/www/vhosts/db-preprod.com360degree.com/httpdocs/vendor/laravel/framework/src/Illuminate/Routing/Router.php(628): Illuminate\\Routing\\Router->runRoute()
#39 /var/www/vhosts/db-preprod.com360degree.com/httpdocs/vendor/laravel/framework/src/Illuminate/Routing/Router.php(617): Illuminate\\Routing\\Router->dispatchToRoute()
#40 /var/www/vhosts/db-preprod.com360degree.com/httpdocs/vendor/laravel/framework/src/Illuminate/Foundation/Http/Kernel.php(165): Illuminate\\Routing\\Router->dispatch()
#41 /var/www/vhosts/db-preprod.com360degree.com/httpdocs/vendor/laravel/framework/src/Illuminate/Pipeline/Pipeline.php(128): Illuminate\\Foundation\\Http\\Kernel->Illuminate\\Foundation\\Http\\{closure}()
#42 /var/www/vhosts/db-preprod.com360degree.com/httpdocs/vendor/laravel/framework/src/Illuminate/Foundation/Http/Middleware/TransformsRequest.php(21): Illuminate\\Pipeline\\Pipeline->Illuminate\\Pipeline\\{closure}()
#43 /var/www/vhosts/db-preprod.com360degree.com/httpdocs/vendor/laravel/framework/src/Illuminate/Pipeline/Pipeline.php(167): Illuminate\\Foundation\\Http\\Middleware\\TransformsRequest->handle()
#44 /var/www/vhosts/db-preprod.com360degree.com/httpdocs/vendor/laravel/framework/src/Illuminate/Foundation/Http/Middleware/TransformsRequest.php(21): Illuminate\\Pipeline\\Pipeline->Illuminate\\Pipeline\\{closure}()
#45 /var/www/vhosts/db-preprod.com360degree.com/httpdocs/vendor/laravel/framework/src/Illuminate/Pipeline/Pipeline.php(167): Illuminate\\Foundation\\Http\\Middleware\\TransformsRequest->handle()
#46 /var/www/vhosts/db-preprod.com360degree.com/httpdocs/vendor/laravel/framework/src/Illuminate/Foundation/Http/Middleware/ValidatePostSize.php(27): Illuminate\\Pipeline\\Pipeline->Illuminate\\Pipeline\\{closure}()
#47 /var/www/vhosts/db-preprod.com360degree.com/httpdocs/vendor/laravel/framework/src/Illuminate/Pipeline/Pipeline.php(167): Illuminate\\Foundation\\Http\\Middleware\\ValidatePostSize->handle()
#48 /var/www/vhosts/db-preprod.com360degree.com/httpdocs/vendor/laravel/framework/src/Illuminate/Foundation/Http/Middleware/CheckForMaintenanceMode.php(63): Illuminate\\Pipeline\\Pipeline->Illuminate\\Pipeline\\{closure}()
#49 /var/www/vhosts/db-preprod.com360degree.com/httpdocs/vendor/laravel/framework/src/Illuminate/Pipeline/Pipeline.php(167): Illuminate\\Foundation\\Http\\Middleware\\CheckForMaintenanceMode->handle()
#50 /var/www/vhosts/db-preprod.com360degree.com/httpdocs/vendor/barryvdh/laravel-cors/src/HandleCors.php(37): Illuminate\\Pipeline\\Pipeline->Illuminate\\Pipeline\\{closure}()
#51 /var/www/vhosts/db-preprod.com360degree.com/httpdocs/vendor/laravel/framework/src/Illuminate/Pipeline/Pipeline.php(167): Fruitcake\\Cors\\HandleCors->handle()
#52 /var/www/vhosts/db-preprod.com360degree.com/httpdocs/vendor/fideloper/proxy/src/TrustProxies.php(57): Illuminate\\Pipeline\\Pipeline->Illuminate\\Pipeline\\{closure}()
#53 /var/www/vhosts/db-preprod.com360degree.com/httpdocs/vendor/laravel/framework/src/Illuminate/Pipeline/Pipeline.php(167): Fideloper\\Proxy\\TrustProxies->handle()
#54 /var/www/vhosts/db-preprod.com360degree.com/httpdocs/vendor/laravel/framework/src/Illuminate/Pipeline/Pipeline.php(103): Illuminate\\Pipeline\\Pipeline->Illuminate\\Pipeline\\{closure}()
#55 /var/www/vhosts/db-preprod.com360degree.com/httpdocs/vendor/laravel/framework/src/Illuminate/Foundation/Http/Kernel.php(140): Illuminate\\Pipeline\\Pipeline->then()
#56 /var/www/vhosts/db-preprod.com360degree.com/httpdocs/vendor/laravel/framework/src/Illuminate/Foundation/Http/Kernel.php(109): Illuminate\\Foundation\\Http\\Kernel->sendRequestThroughRouter()
#57 /var/www/vhosts/db-preprod.com360degree.com/httpdocs/index.php(55): Illuminate\\Foundation\\Http\\Kernel->handle()
#58 {main}

[previous exception] [object] (PDOException(code: 42S22): SQLSTATE[42S22]: Column not found: 1054 Unknown column 'remember_token' in 'field list' at /var/www/vhosts/db-preprod.com360degree.com/httpdocs/vendor/laravel/framework/src/Illuminate/Database/Connection.php:485)
[stacktrace]
#0 /var/www/vhosts/db-preprod.com360degree.com/httpdocs/vendor/laravel/framework/src/Illuminate/Database/Connection.php(485): PDO->prepare()
#1 /var/www/vhosts/db-preprod.com360degree.com/httpdocs/vendor/laravel/framework/src/Illuminate/Database/Connection.php(664): Illuminate\\Database\\Connection->Illuminate\\Database\\{closure}()
#2 /var/www/vhosts/db-preprod.com360degree.com/httpdocs/vendor/laravel/framework/src/Illuminate/Database/Connection.php(631): Illuminate\\Database\\Connection->runQueryCallback()
#3 /var/www/vhosts/db-preprod.com360degree.com/httpdocs/vendor/laravel/framework/src/Illuminate/Database/Connection.php(496): Illuminate\\Database\\Connection->run()
#4 /var/www/vhosts/db-preprod.com360degree.com/httpdocs/vendor/laravel/framework/src/Illuminate/Database/Connection.php(429): Illuminate\\Database\\Connection->affectingStatement()
#5 /var/www/vhosts/db-preprod.com360degree.com/httpdocs/vendor/laravel/framework/src/Illuminate/Database/Query/Builder.php(2860): Illuminate\\Database\\Connection->update()
#6 /var/www/vhosts/db-preprod.com360degree.com/httpdocs/vendor/laravel/framework/src/Illuminate/Database/Eloquent/Builder.php(801): Illuminate\\Database\\Query\\Builder->update()
#7 /var/www/vhosts/db-preprod.com360degree.com/httpdocs/vendor/laravel/framework/src/Illuminate/Database/Eloquent/Model.php(808): Illuminate\\Database\\Eloquent\\Builder->update()
#8 /var/www/vhosts/db-preprod.com360degree.com/httpdocs/vendor/laravel/framework/src/Illuminate/Database/Eloquent/Model.php(723): Illuminate\\Database\\Eloquent\\Model->performUpdate()
#9 /var/www/vhosts/db-preprod.com360degree.com/httpdocs/vendor/laravel/framework/src/Illuminate/Auth/EloquentUserProvider.php(95): Illuminate\\Database\\Eloquent\\Model->save()
#10 /var/www/vhosts/db-preprod.com360degree.com/httpdocs/vendor/laravel/framework/src/Illuminate/Auth/SessionGuard.php(545): Illuminate\\Auth\\EloquentUserProvider->updateRememberToken()
#11 /var/www/vhosts/db-preprod.com360degree.com/httpdocs/vendor/laravel/framework/src/Illuminate/Auth/SessionGuard.php(462): Illuminate\\Auth\\SessionGuard->cycleRememberToken()
#12 /var/www/vhosts/db-preprod.com360degree.com/httpdocs/vendor/laravel/framework/src/Illuminate/Auth/SessionGuard.php(427): Illuminate\\Auth\\SessionGuard->ensureRememberTokenIsSet()
#13 /var/www/vhosts/db-preprod.com360degree.com/httpdocs/vendor/laravel/framework/src/Illuminate/Auth/SessionGuard.php(363): Illuminate\\Auth\\SessionGuard->login()
#14 /var/www/vhosts/db-preprod.com360degree.com/httpdocs/vendor/laravel/ui/auth-backend/AuthenticatesUsers.php(83): Illuminate\\Auth\\SessionGuard->attempt()
#15 /var/www/vhosts/db-preprod.com360degree.com/httpdocs/vendor/laravel/ui/auth-backend/AuthenticatesUsers.php(46): App\\Http\\Controllers\\Auth\\LoginController->attemptLogin()
#16 /var/www/vhosts/db-preprod.com360degree.com/httpdocs/vendor/laravel/framework/src/Illuminate/Routing/Controller.php(54): App\\Http\\Controllers\\Auth\\LoginController->login()
#17 /var/www/vhosts/db-preprod.com360degree.com/httpdocs/vendor/laravel/framework/src/Illuminate/Routing/ControllerDispatcher.php(45): Illuminate\\Routing\\Controller->callAction()
#18 /var/www/vhosts/db-preprod.com360degree.com/httpdocs/vendor/laravel/framework/src/Illuminate/Routing/Route.php(239): Illuminate\\Routing\\ControllerDispatcher->dispatch()
#19 /var/www/vhosts/db-preprod.com360degree.com/httpdocs/vendor/laravel/framework/src/Illuminate/Routing/Route.php(196): Illuminate\\Routing\\Route->runController()
#20 /var/www/vhosts/db-preprod.com360degree.com/httpdocs/vendor/laravel/framework/src/Illuminate/Routing/Router.php(685): Illuminate\\Routing\\Route->run()
#21 /var/www/vhosts/db-preprod.com360degree.com/httpdocs/vendor/laravel/framework/src/Illuminate/Pipeline/Pipeline.php(128): Illuminate\\Routing\\Router->Illuminate\\Routing\\{closure}()
#22 /var/www/vhosts/db-preprod.com360degree.com/httpdocs/app/Http/Middleware/RedirectIfAuthenticated.php(25): Illuminate\\Pipeline\\Pipeline->Illuminate\\Pipeline\\{closure}()
#23 /var/www/vhosts/db-preprod.com360degree.com/httpdocs/vendor/laravel/framework/src/Illuminate/Pipeline/Pipeline.php(167): App\\Http\\Middleware\\RedirectIfAuthenticated->handle()
#24 /var/www/vhosts/db-preprod.com360degree.com/httpdocs/vendor/laravel/framework/src/Illuminate/Routing/Middleware/SubstituteBindings.php(41): Illuminate\\Pipeline\\Pipeline->Illuminate\\Pipeline\\{closure}()
#25 /var/www/vhosts/db-preprod.com360degree.com/httpdocs/vendor/laravel/framework/src/Illuminate/Pipeline/Pipeline.php(167): Illuminate\\Routing\\Middleware\\SubstituteBindings->handle()
#26 /var/www/vhosts/db-preprod.com360degree.com/httpdocs/vendor/laravel/framework/src/Illuminate/Foundation/Http/Middleware/VerifyCsrfToken.php(77): Illuminate\\Pipeline\\Pipeline->Illuminate\\Pipeline\\{closure}()
#27 /var/www/vhosts/db-preprod.com360degree.com/httpdocs/vendor/laravel/framework/src/Illuminate/Pipeline/Pipeline.php(167): Illuminate\\Foundation\\Http\\Middleware\\VerifyCsrfToken->handle()
#28 /var/www/vhosts/db-preprod.com360degree.com/httpdocs/vendor/laravel/framework/src/Illuminate/View/Middleware/ShareErrorsFromSession.php(49): Illuminate\\Pipeline\\Pipeline->Illuminate\\Pipeline\\{closure}()
#29 /var/www/vhosts/db-preprod.com360degree.com/httpdocs/vendor/laravel/framework/src/Illuminate/Pipeline/Pipeline.php(167): Illuminate\\View\\Middleware\\ShareErrorsFromSession->handle()
#30 /var/www/vhosts/db-preprod.com360degree.com/httpdocs/vendor/laravel/framework/src/Illuminate/Session/Middleware/StartSession.php(116): Illuminate\\Pipeline\\Pipeline->Illuminate\\Pipeline\\{closure}()
#31 /var/www/vhosts/db-preprod.com360degree.com/httpdocs/vendor/laravel/framework/src/Illuminate/Session/Middleware/StartSession.php(62): Illuminate\\Session\\Middleware\\StartSession->handleStatefulRequest()
#32 /var/www/vhosts/db-preprod.com360degree.com/httpdocs/vendor/laravel/framework/src/Illuminate/Pipeline/Pipeline.php(167): Illuminate\\Session\\Middleware\\StartSession->handle()
#33 /var/www/vhosts/db-preprod.com360degree.com/httpdocs/vendor/laravel/framework/src/Illuminate/Cookie/Middleware/AddQueuedCookiesToResponse.php(37): Illuminate\\Pipeline\\Pipeline->Illuminate\\Pipeline\\{closure}()
#34 /var/www/vhosts/db-preprod.com360degree.com/httpdocs/vendor/laravel/framework/src/Illuminate/Pipeline/Pipeline.php(167): Illuminate\\Cookie\\Middleware\\AddQueuedCookiesToResponse->handle()
#35 /var/www/vhosts/db-preprod.com360degree.com/httpdocs/vendor/laravel/framework/src/Illuminate/Cookie/Middleware/EncryptCookies.php(67): Illuminate\\Pipeline\\Pipeline->Illuminate\\Pipeline\\{closure}()
#36 /var/www/vhosts/db-preprod.com360degree.com/httpdocs/vendor/laravel/framework/src/Illuminate/Pipeline/Pipeline.php(167): Illuminate\\Cookie\\Middleware\\EncryptCookies->handle()
#37 /var/www/vhosts/db-preprod.com360degree.com/httpdocs/vendor/laravel/framework/src/Illuminate/Pipeline/Pipeline.php(103): Illuminate\\Pipeline\\Pipeline->Illuminate\\Pipeline\\{closure}()
#38 /var/www/vhosts/db-preprod.com360degree.com/httpdocs/vendor/laravel/framework/src/Illuminate/Routing/Router.php(687): Illuminate\\Pipeline\\Pipeline->then()
#39 /var/www/vhosts/db-preprod.com360degree.com/httpdocs/vendor/laravel/framework/src/Illuminate/Routing/Router.php(662): Illuminate\\Routing\\Router->runRouteWithinStack()
#40 /var/www/vhosts/db-preprod.com360degree.com/httpdocs/vendor/laravel/framework/src/Illuminate/Routing/Router.php(628): Illuminate\\Routing\\Router->runRoute()
#41 /var/www/vhosts/db-preprod.com360degree.com/httpdocs/vendor/laravel/framework/src/Illuminate/Routing/Router.php(617): Illuminate\\Routing\\Router->dispatchToRoute()
#42 /var/www/vhosts/db-preprod.com360degree.com/httpdocs/vendor/laravel/framework/src/Illuminate/Foundation/Http/Kernel.php(165): Illuminate\\Routing\\Router->dispatch()
#43 /var/www/vhosts/db-preprod.com360degree.com/httpdocs/vendor/laravel/framework/src/Illuminate/Pipeline/Pipeline.php(128): Illuminate\\Foundation\\Http\\Kernel->Illuminate\\Foundation\\Http\\{closure}()
#44 /var/www/vhosts/db-preprod.com360degree.com/httpdocs/vendor/laravel/framework/src/Illuminate/Foundation/Http/Middleware/TransformsRequest.php(21): Illuminate\\Pipeline\\Pipeline->Illuminate\\Pipeline\\{closure}()
#45 /var/www/vhosts/db-preprod.com360degree.com/httpdocs/vendor/laravel/framework/src/Illuminate/Pipeline/Pipeline.php(167): Illuminate\\Foundation\\Http\\Middleware\\TransformsRequest->handle()
#46 /var/www/vhosts/db-preprod.com360degree.com/httpdocs/vendor/laravel/framework/src/Illuminate/Foundation/Http/Middleware/TransformsRequest.php(21): Illuminate\\Pipeline\\Pipeline->Illuminate\\Pipeline\\{closure}()
#47 /var/www/vhosts/db-preprod.com360degree.com/httpdocs/vendor/laravel/framework/src/Illuminate/Pipeline/Pipeline.php(167): Illuminate\\Foundation\\Http\\Middleware\\TransformsRequest->handle()
#48 /var/www/vhosts/db-preprod.com360degree.com/httpdocs/vendor/laravel/framework/src/Illuminate/Foundation/Http/Middleware/ValidatePostSize.php(27): Illuminate\\Pipeline\\Pipeline->Illuminate\\Pipeline\\{closure}()
#49 /var/www/vhosts/db-preprod.com360degree.com/httpdocs/vendor/laravel/framework/src/Illuminate/Pipeline/Pipeline.php(167): Illuminate\\Foundation\\Http\\Middleware\\ValidatePostSize->handle()
#50 /var/www/vhosts/db-preprod.com360degree.com/httpdocs/vendor/laravel/framework/src/Illuminate/Foundation/Http/Middleware/CheckForMaintenanceMode.php(63): Illuminate\\Pipeline\\Pipeline->Illuminate\\Pipeline\\{closure}()
#51 /var/www/vhosts/db-preprod.com360degree.com/httpdocs/vendor/laravel/framework/src/Illuminate/Pipeline/Pipeline.php(167): Illuminate\\Foundation\\Http\\Middleware\\CheckForMaintenanceMode->handle()
#52 /var/www/vhosts/db-preprod.com360degree.com/httpdocs/vendor/barryvdh/laravel-cors/src/HandleCors.php(37): Illuminate\\Pipeline\\Pipeline->Illuminate\\Pipeline\\{closure}()
#53 /var/www/vhosts/db-preprod.com360degree.com/httpdocs/vendor/laravel/framework/src/Illuminate/Pipeline/Pipeline.php(167): Fruitcake\\Cors\\HandleCors->handle()
#54 /var/www/vhosts/db-preprod.com360degree.com/httpdocs/vendor/fideloper/proxy/src/TrustProxies.php(57): Illuminate\\Pipeline\\Pipeline->Illuminate\\Pipeline\\{closure}()
#55 /var/www/vhosts/db-preprod.com360degree.com/httpdocs/vendor/laravel/framework/src/Illuminate/Pipeline/Pipeline.php(167): Fideloper\\Proxy\\TrustProxies->handle()
#56 /var/www/vhosts/db-preprod.com360degree.com/httpdocs/vendor/laravel/framework/src/Illuminate/Pipeline/Pipeline.php(103): Illuminate\\Pipeline\\Pipeline->Illuminate\\Pipeline\\{closure}()
#57 /var/www/vhosts/db-preprod.com360degree.com/httpdocs/vendor/laravel/framework/src/Illuminate/Foundation/Http/Kernel.php(140): Illuminate\\Pipeline\\Pipeline->then()
#58 /var/www/vhosts/db-preprod.com360degree.com/httpdocs/vendor/laravel/framework/src/Illuminate/Foundation/Http/Kernel.php(109): Illuminate\\Foundation\\Http\\Kernel->sendRequestThroughRouter()
#59 /var/www/vhosts/db-preprod.com360degree.com/httpdocs/index.php(55): Illuminate\\Foundation\\Http\\Kernel->handle()
#60 {main}
"} 
[2022-11-01 10:07:05] local.INFO: PDF REPORTS  
[2022-11-01 10:07:05] local.INFO: VC-Report-(15-Jun-2005)-(27-Aug-2018)-1-Employees.pdf  
[2022-11-01 10:07:05] local.INFO: Hey Kanav Sharma  
[2022-11-01 10:13:09] local.INFO: PDF REPORTS  
[2022-11-01 10:13:09] local.INFO: VC-Report-(15-Jun-2005)-(27-Aug-2018)-1-Employees.pdf  
[2022-11-01 10:13:09] local.INFO: Hey Kanav Sharma  
[2022-11-01 10:15:00] local.INFO: PDF REPORTS  
[2022-11-01 10:15:00] local.INFO: VC-Report-(15-Jun-2005)-(27-Aug-2018)-1-Employees.pdf  
[2022-11-01 10:15:00] local.INFO: Hey Kanav Sharma  
[2022-11-01 10:28:34] local.INFO: PDF REPORTS  
[2022-11-01 10:28:34] local.INFO: VC-Report-(15-Jun-2005)-(27-Aug-2018)-1-Employees.pdf  
[2022-11-01 10:28:34] local.INFO: Hey Kanav Sharma  
[2022-11-01 10:30:39] local.INFO: PDF REPORTS  
[2022-11-01 10:30:39] local.INFO: VC-Report-(15-Jun-2005)-(31-Dec-2018)-1-Employees.pdf  
[2022-11-01 10:30:39] local.INFO: Hey Kanav Sharma  
[2022-11-01 11:02:47] local.INFO: PDF REPORTS  
[2022-11-01 11:02:47] local.INFO: VC-Report-(01-Feb-2018)-(31-Dec-2018)-1-Employees.pdf  
[2022-11-01 11:02:47] local.INFO: Hey Kanav Sharma  
[2022-11-01 11:04:07] local.INFO: PDF REPORTS  
[2022-11-01 11:04:07] local.INFO: VC-Report-(01-Feb-2018)-(31-Dec-2018)-1-Employees.pdf  
[2022-11-01 11:04:07] local.INFO: Hey Kanav Sharma  
