[2022-11-16 14:45:24] local.INFO: PDF REPORTS  
[2022-11-16 14:45:24] local.INFO: VC-Report-(15-Jun-2005)-(07-Dec-2018)-1-Employees.pdf  
[2022-11-16 14:45:24] local.INFO: Hey Kanav Sharma  
[2022-11-16 17:40:09] local.INFO: PDF REPORTS  
[2022-11-16 17:40:09] local.INFO: VC-Report-(01-Feb-2018)-(31-Dec-2018)-1-Employees.pdf  
[2022-11-16 17:40:09] local.INFO: Hey Kanav Sharma  
[2022-11-16 17:40:35] local.INFO: PDF REPORTS  
[2022-11-16 17:40:35] local.INFO: VC-Report-(01-Jan-2022)-(16-Nov-2022)-1-Employees.pdf  
[2022-11-16 17:40:35] local.INFO: Hey Kanav Sharma  
[2022-11-16 17:41:52] local.INFO: PDF REPORTS  
[2022-11-16 17:41:52] local.INFO: VC-Report-(01-Feb-2018)-(16-Dec-2018)-1-Employees.pdf  
[2022-11-16 17:41:52] local.INFO: Hey Kanav Sharma  
[2022-11-16 17:46:07] local.INFO: PDF REPORTS  
[2022-11-16 17:46:07] local.INFO: VC-Report-(01-Feb-2018)-(31-Mar-2018)-1-Employees.pdf  
[2022-11-16 17:46:07] local.INFO: Hey Kanav Sharma  
[2022-11-16 18:03:02] local.INFO: PDF REPORTS  
[2022-11-16 18:03:02] local.INFO: VC-Report-(15-Jun-2005)-(07-Dec-2018)-1-Employees.pdf  
[2022-11-16 18:03:02] local.INFO: Hey Kanav Sharma  
[2022-11-16 18:38:08] local.INFO: PDF REPORTS  
[2022-11-16 18:38:08] local.INFO: VC-Report-(01-Feb-2018)-(31-Mar-2018)-1-Employees.pdf  
[2022-11-16 18:38:08] local.INFO: Hey Kanav Sharma  
[2022-11-16 18:38:48] local.INFO: PDF REPORTS  
[2022-11-16 18:38:48] local.INFO: VC-Report-(01-Feb-2018)-(31-Mar-2018)-1-Employees.pdf  
[2022-11-16 18:38:48] local.INFO: Hey Kanav Sharma  
[2022-11-16 18:39:27] local.INFO: PDF REPORTS  
[2022-11-16 18:39:27] local.INFO: VC-Report-(01-Feb-2018)-(28-Dec-2018)-1-Employees.pdf  
[2022-11-16 18:39:27] local.INFO: Hey Kanav Sharma  
[2022-11-16 18:40:06] local.INFO: PDF REPORTS  
[2022-11-16 18:40:06] local.INFO: VC-Report-(01-Feb-2018)-(31-Mar-2018)-1-Employees.pdf  
[2022-11-16 18:40:06] local.INFO: Hey Kanav Sharma  
[2022-11-16 18:40:51] local.ERROR: Undefined variable: validTime (View: /var/www/vhosts/db-preprod.com360degree.com/httpdocs/resources/views/reports/pdf.blade.php) {"userId":964,"exception":"[object] (Facade\\Ignition\\Exceptions\\ViewException(code: 0): Undefined variable: validTime (View: /var/www/vhosts/db-preprod.com360degree.com/httpdocs/resources/views/reports/pdf.blade.php) at /var/www/vhosts/db-preprod.com360degree.com/httpdocs/resources/views/reports/pdf.blade.php:258)
[stacktrace]
#0 /var/www/vhosts/db-preprod.com360degree.com/httpdocs/resources/views/reports/pdf.blade.php(258): Illuminate\\Foundation\\Bootstrap\\HandleExceptions->handleError()
#1 /var/www/vhosts/db-preprod.com360degree.com/httpdocs/vendor/laravel/framework/src/Illuminate/View/Engines/PhpEngine.php(41): include('/var/www/vhosts...')
#2 /var/www/vhosts/db-preprod.com360degree.com/httpdocs/vendor/laravel/framework/src/Illuminate/View/Engines/CompilerEngine.php(57): Illuminate\\View\\Engines\\PhpEngine->evaluatePath()
#3 /var/www/vhosts/db-preprod.com360degree.com/httpdocs/vendor/facade/ignition/src/Views/Engines/CompilerEngine.php(37): Illuminate\\View\\Engines\\CompilerEngine->get()
#4 /var/www/vhosts/db-preprod.com360degree.com/httpdocs/vendor/laravel/framework/src/Illuminate/View/View.php(139): Facade\\Ignition\\Views\\Engines\\CompilerEngine->get()
#5 /var/www/vhosts/db-preprod.com360degree.com/httpdocs/vendor/laravel/framework/src/Illuminate/View/View.php(122): Illuminate\\View\\View->getContents()
#6 /var/www/vhosts/db-preprod.com360degree.com/httpdocs/vendor/laravel/framework/src/Illuminate/View/View.php(91): Illuminate\\View\\View->renderContents()
#7 /var/www/vhosts/db-preprod.com360degree.com/httpdocs/vendor/barryvdh/laravel-dompdf/src/PDF.php(132): Illuminate\\View\\View->render()
#8 /var/www/vhosts/db-preprod.com360degree.com/httpdocs/vendor/barryvdh/laravel-dompdf/src/Facade.php(31): Barryvdh\\DomPDF\\PDF->loadView()
#9 /var/www/vhosts/db-preprod.com360degree.com/httpdocs/app/Http/Controllers/ReportController.php(83): Barryvdh\\DomPDF\\Facade::__callStatic()
#10 /var/www/vhosts/db-preprod.com360degree.com/httpdocs/vendor/laravel/framework/src/Illuminate/Routing/Controller.php(54): App\\Http\\Controllers\\ReportController->search()
#11 /var/www/vhosts/db-preprod.com360degree.com/httpdocs/vendor/laravel/framework/src/Illuminate/Routing/ControllerDispatcher.php(45): Illuminate\\Routing\\Controller->callAction()
#12 /var/www/vhosts/db-preprod.com360degree.com/httpdocs/vendor/laravel/framework/src/Illuminate/Routing/Route.php(239): Illuminate\\Routing\\ControllerDispatcher->dispatch()
#13 /var/www/vhosts/db-preprod.com360degree.com/httpdocs/vendor/laravel/framework/src/Illuminate/Routing/Route.php(196): Illuminate\\Routing\\Route->runController()
#14 /var/www/vhosts/db-preprod.com360degree.com/httpdocs/vendor/laravel/framework/src/Illuminate/Routing/Router.php(685): Illuminate\\Routing\\Route->run()
#15 /var/www/vhosts/db-preprod.com360degree.com/httpdocs/vendor/laravel/framework/src/Illuminate/Pipeline/Pipeline.php(128): Illuminate\\Routing\\Router->Illuminate\\Routing\\{closure}()
#16 /var/www/vhosts/db-preprod.com360degree.com/httpdocs/vendor/laravel/framework/src/Illuminate/Routing/Middleware/SubstituteBindings.php(41): Illuminate\\Pipeline\\Pipeline->Illuminate\\Pipeline\\{closure}()
#17 /var/www/vhosts/db-preprod.com360degree.com/httpdocs/vendor/laravel/framework/src/Illuminate/Pipeline/Pipeline.php(167): Illuminate\\Routing\\Middleware\\SubstituteBindings->handle()
#18 /var/www/vhosts/db-preprod.com360degree.com/httpdocs/vendor/laravel/framework/src/Illuminate/Auth/Middleware/Authenticate.php(44): Illuminate\\Pipeline\\Pipeline->Illuminate\\Pipeline\\{closure}()
#19 /var/www/vhosts/db-preprod.com360degree.com/httpdocs/vendor/laravel/framework/src/Illuminate/Pipeline/Pipeline.php(167): Illuminate\\Auth\\Middleware\\Authenticate->handle()
#20 /var/www/vhosts/db-preprod.com360degree.com/httpdocs/vendor/laravel/framework/src/Illuminate/Foundation/Http/Middleware/VerifyCsrfToken.php(77): Illuminate\\Pipeline\\Pipeline->Illuminate\\Pipeline\\{closure}()
#21 /var/www/vhosts/db-preprod.com360degree.com/httpdocs/vendor/laravel/framework/src/Illuminate/Pipeline/Pipeline.php(167): Illuminate\\Foundation\\Http\\Middleware\\VerifyCsrfToken->handle()
#22 /var/www/vhosts/db-preprod.com360degree.com/httpdocs/vendor/laravel/framework/src/Illuminate/View/Middleware/ShareErrorsFromSession.php(49): Illuminate\\Pipeline\\Pipeline->Illuminate\\Pipeline\\{closure}()
#23 /var/www/vhosts/db-preprod.com360degree.com/httpdocs/vendor/laravel/framework/src/Illuminate/Pipeline/Pipeline.php(167): Illuminate\\View\\Middleware\\ShareErrorsFromSession->handle()
#24 /var/www/vhosts/db-preprod.com360degree.com/httpdocs/vendor/laravel/framework/src/Illuminate/Session/Middleware/StartSession.php(116): Illuminate\\Pipeline\\Pipeline->Illuminate\\Pipeline\\{closure}()
#25 /var/www/vhosts/db-preprod.com360degree.com/httpdocs/vendor/laravel/framework/src/Illuminate/Session/Middleware/StartSession.php(62): Illuminate\\Session\\Middleware\\StartSession->handleStatefulRequest()
#26 /var/www/vhosts/db-preprod.com360degree.com/httpdocs/vendor/laravel/framework/src/Illuminate/Pipeline/Pipeline.php(167): Illuminate\\Session\\Middleware\\StartSession->handle()
#27 /var/www/vhosts/db-preprod.com360degree.com/httpdocs/vendor/laravel/framework/src/Illuminate/Cookie/Middleware/AddQueuedCookiesToResponse.php(37): Illuminate\\Pipeline\\Pipeline->Illuminate\\Pipeline\\{closure}()
#28 /var/www/vhosts/db-preprod.com360degree.com/httpdocs/vendor/laravel/framework/src/Illuminate/Pipeline/Pipeline.php(167): Illuminate\\Cookie\\Middleware\\AddQueuedCookiesToResponse->handle()
#29 /var/www/vhosts/db-preprod.com360degree.com/httpdocs/vendor/laravel/framework/src/Illuminate/Cookie/Middleware/EncryptCookies.php(67): Illuminate\\Pipeline\\Pipeline->Illuminate\\Pipeline\\{closure}()
#30 /var/www/vhosts/db-preprod.com360degree.com/httpdocs/vendor/laravel/framework/src/Illuminate/Pipeline/Pipeline.php(167): Illuminate\\Cookie\\Middleware\\EncryptCookies->handle()
#31 /var/www/vhosts/db-preprod.com360degree.com/httpdocs/vendor/laravel/framework/src/Illuminate/Pipeline/Pipeline.php(103): Illuminate\\Pipeline\\Pipeline->Illuminate\\Pipeline\\{closure}()
#32 /var/www/vhosts/db-preprod.com360degree.com/httpdocs/vendor/laravel/framework/src/Illuminate/Routing/Router.php(687): Illuminate\\Pipeline\\Pipeline->then()
#33 /var/www/vhosts/db-preprod.com360degree.com/httpdocs/vendor/laravel/framework/src/Illuminate/Routing/Router.php(662): Illuminate\\Routing\\Router->runRouteWithinStack()
#34 /var/www/vhosts/db-preprod.com360degree.com/httpdocs/vendor/laravel/framework/src/Illuminate/Routing/Router.php(628): Illuminate\\Routing\\Router->runRoute()
#35 /var/www/vhosts/db-preprod.com360degree.com/httpdocs/vendor/laravel/framework/src/Illuminate/Routing/Router.php(617): Illuminate\\Routing\\Router->dispatchToRoute()
#36 /var/www/vhosts/db-preprod.com360degree.com/httpdocs/vendor/laravel/framework/src/Illuminate/Foundation/Http/Kernel.php(165): Illuminate\\Routing\\Router->dispatch()
#37 /var/www/vhosts/db-preprod.com360degree.com/httpdocs/vendor/laravel/framework/src/Illuminate/Pipeline/Pipeline.php(128): Illuminate\\Foundation\\Http\\Kernel->Illuminate\\Foundation\\Http\\{closure}()
#38 /var/www/vhosts/db-preprod.com360degree.com/httpdocs/vendor/laravel/framework/src/Illuminate/Foundation/Http/Middleware/TransformsRequest.php(21): Illuminate\\Pipeline\\Pipeline->Illuminate\\Pipeline\\{closure}()
#39 /var/www/vhosts/db-preprod.com360degree.com/httpdocs/vendor/laravel/framework/src/Illuminate/Pipeline/Pipeline.php(167): Illuminate\\Foundation\\Http\\Middleware\\TransformsRequest->handle()
#40 /var/www/vhosts/db-preprod.com360degree.com/httpdocs/vendor/laravel/framework/src/Illuminate/Foundation/Http/Middleware/TransformsRequest.php(21): Illuminate\\Pipeline\\Pipeline->Illuminate\\Pipeline\\{closure}()
#41 /var/www/vhosts/db-preprod.com360degree.com/httpdocs/vendor/laravel/framework/src/Illuminate/Pipeline/Pipeline.php(167): Illuminate\\Foundation\\Http\\Middleware\\TransformsRequest->handle()
#42 /var/www/vhosts/db-preprod.com360degree.com/httpdocs/vendor/laravel/framework/src/Illuminate/Foundation/Http/Middleware/ValidatePostSize.php(27): Illuminate\\Pipeline\\Pipeline->Illuminate\\Pipeline\\{closure}()
#43 /var/www/vhosts/db-preprod.com360degree.com/httpdocs/vendor/laravel/framework/src/Illuminate/Pipeline/Pipeline.php(167): Illuminate\\Foundation\\Http\\Middleware\\ValidatePostSize->handle()
#44 /var/www/vhosts/db-preprod.com360degree.com/httpdocs/vendor/laravel/framework/src/Illuminate/Foundation/Http/Middleware/CheckForMaintenanceMode.php(63): Illuminate\\Pipeline\\Pipeline->Illuminate\\Pipeline\\{closure}()
#45 /var/www/vhosts/db-preprod.com360degree.com/httpdocs/vendor/laravel/framework/src/Illuminate/Pipeline/Pipeline.php(167): Illuminate\\Foundation\\Http\\Middleware\\CheckForMaintenanceMode->handle()
#46 /var/www/vhosts/db-preprod.com360degree.com/httpdocs/vendor/barryvdh/laravel-cors/src/HandleCors.php(37): Illuminate\\Pipeline\\Pipeline->Illuminate\\Pipeline\\{closure}()
#47 /var/www/vhosts/db-preprod.com360degree.com/httpdocs/vendor/laravel/framework/src/Illuminate/Pipeline/Pipeline.php(167): Fruitcake\\Cors\\HandleCors->handle()
#48 /var/www/vhosts/db-preprod.com360degree.com/httpdocs/vendor/fideloper/proxy/src/TrustProxies.php(57): Illuminate\\Pipeline\\Pipeline->Illuminate\\Pipeline\\{closure}()
#49 /var/www/vhosts/db-preprod.com360degree.com/httpdocs/vendor/laravel/framework/src/Illuminate/Pipeline/Pipeline.php(167): Fideloper\\Proxy\\TrustProxies->handle()
#50 /var/www/vhosts/db-preprod.com360degree.com/httpdocs/vendor/laravel/framework/src/Illuminate/Pipeline/Pipeline.php(103): Illuminate\\Pipeline\\Pipeline->Illuminate\\Pipeline\\{closure}()
#51 /var/www/vhosts/db-preprod.com360degree.com/httpdocs/vendor/laravel/framework/src/Illuminate/Foundation/Http/Kernel.php(140): Illuminate\\Pipeline\\Pipeline->then()
#52 /var/www/vhosts/db-preprod.com360degree.com/httpdocs/vendor/laravel/framework/src/Illuminate/Foundation/Http/Kernel.php(109): Illuminate\\Foundation\\Http\\Kernel->sendRequestThroughRouter()
#53 /var/www/vhosts/db-preprod.com360degree.com/httpdocs/index.php(55): Illuminate\\Foundation\\Http\\Kernel->handle()
#54 {main}

[previous exception] [object] (ErrorException(code: 0): Undefined variable: validTime at /var/www/vhosts/db-preprod.com360degree.com/httpdocs/storage/framework/views/54bfebd97302fbfdbde0e65ebddb9c287337e645.php:273)
[stacktrace]
#0 /var/www/vhosts/db-preprod.com360degree.com/httpdocs/storage/framework/views/54bfebd97302fbfdbde0e65ebddb9c287337e645.php(273): Illuminate\\Foundation\\Bootstrap\\HandleExceptions->handleError()
#1 /var/www/vhosts/db-preprod.com360degree.com/httpdocs/vendor/laravel/framework/src/Illuminate/View/Engines/PhpEngine.php(41): include('/var/www/vhosts...')
#2 /var/www/vhosts/db-preprod.com360degree.com/httpdocs/vendor/laravel/framework/src/Illuminate/View/Engines/CompilerEngine.php(57): Illuminate\\View\\Engines\\PhpEngine->evaluatePath()
#3 /var/www/vhosts/db-preprod.com360degree.com/httpdocs/vendor/facade/ignition/src/Views/Engines/CompilerEngine.php(37): Illuminate\\View\\Engines\\CompilerEngine->get()
#4 /var/www/vhosts/db-preprod.com360degree.com/httpdocs/vendor/laravel/framework/src/Illuminate/View/View.php(139): Facade\\Ignition\\Views\\Engines\\CompilerEngine->get()
#5 /var/www/vhosts/db-preprod.com360degree.com/httpdocs/vendor/laravel/framework/src/Illuminate/View/View.php(122): Illuminate\\View\\View->getContents()
#6 /var/www/vhosts/db-preprod.com360degree.com/httpdocs/vendor/laravel/framework/src/Illuminate/View/View.php(91): Illuminate\\View\\View->renderContents()
#7 /var/www/vhosts/db-preprod.com360degree.com/httpdocs/vendor/barryvdh/laravel-dompdf/src/PDF.php(132): Illuminate\\View\\View->render()
#8 /var/www/vhosts/db-preprod.com360degree.com/httpdocs/vendor/barryvdh/laravel-dompdf/src/Facade.php(31): Barryvdh\\DomPDF\\PDF->loadView()
#9 /var/www/vhosts/db-preprod.com360degree.com/httpdocs/app/Http/Controllers/ReportController.php(83): Barryvdh\\DomPDF\\Facade::__callStatic()
#10 /var/www/vhosts/db-preprod.com360degree.com/httpdocs/vendor/laravel/framework/src/Illuminate/Routing/Controller.php(54): App\\Http\\Controllers\\ReportController->search()
#11 /var/www/vhosts/db-preprod.com360degree.com/httpdocs/vendor/laravel/framework/src/Illuminate/Routing/ControllerDispatcher.php(45): Illuminate\\Routing\\Controller->callAction()
#12 /var/www/vhosts/db-preprod.com360degree.com/httpdocs/vendor/laravel/framework/src/Illuminate/Routing/Route.php(239): Illuminate\\Routing\\ControllerDispatcher->dispatch()
#13 /var/www/vhosts/db-preprod.com360degree.com/httpdocs/vendor/laravel/framework/src/Illuminate/Routing/Route.php(196): Illuminate\\Routing\\Route->runController()
#14 /var/www/vhosts/db-preprod.com360degree.com/httpdocs/vendor/laravel/framework/src/Illuminate/Routing/Router.php(685): Illuminate\\Routing\\Route->run()
#15 /var/www/vhosts/db-preprod.com360degree.com/httpdocs/vendor/laravel/framework/src/Illuminate/Pipeline/Pipeline.php(128): Illuminate\\Routing\\Router->Illuminate\\Routing\\{closure}()
#16 /var/www/vhosts/db-preprod.com360degree.com/httpdocs/vendor/laravel/framework/src/Illuminate/Routing/Middleware/SubstituteBindings.php(41): Illuminate\\Pipeline\\Pipeline->Illuminate\\Pipeline\\{closure}()
#17 /var/www/vhosts/db-preprod.com360degree.com/httpdocs/vendor/laravel/framework/src/Illuminate/Pipeline/Pipeline.php(167): Illuminate\\Routing\\Middleware\\SubstituteBindings->handle()
#18 /var/www/vhosts/db-preprod.com360degree.com/httpdocs/vendor/laravel/framework/src/Illuminate/Auth/Middleware/Authenticate.php(44): Illuminate\\Pipeline\\Pipeline->Illuminate\\Pipeline\\{closure}()
#19 /var/www/vhosts/db-preprod.com360degree.com/httpdocs/vendor/laravel/framework/src/Illuminate/Pipeline/Pipeline.php(167): Illuminate\\Auth\\Middleware\\Authenticate->handle()
#20 /var/www/vhosts/db-preprod.com360degree.com/httpdocs/vendor/laravel/framework/src/Illuminate/Foundation/Http/Middleware/VerifyCsrfToken.php(77): Illuminate\\Pipeline\\Pipeline->Illuminate\\Pipeline\\{closure}()
#21 /var/www/vhosts/db-preprod.com360degree.com/httpdocs/vendor/laravel/framework/src/Illuminate/Pipeline/Pipeline.php(167): Illuminate\\Foundation\\Http\\Middleware\\VerifyCsrfToken->handle()
#22 /var/www/vhosts/db-preprod.com360degree.com/httpdocs/vendor/laravel/framework/src/Illuminate/View/Middleware/ShareErrorsFromSession.php(49): Illuminate\\Pipeline\\Pipeline->Illuminate\\Pipeline\\{closure}()
#23 /var/www/vhosts/db-preprod.com360degree.com/httpdocs/vendor/laravel/framework/src/Illuminate/Pipeline/Pipeline.php(167): Illuminate\\View\\Middleware\\ShareErrorsFromSession->handle()
#24 /var/www/vhosts/db-preprod.com360degree.com/httpdocs/vendor/laravel/framework/src/Illuminate/Session/Middleware/StartSession.php(116): Illuminate\\Pipeline\\Pipeline->Illuminate\\Pipeline\\{closure}()
#25 /var/www/vhosts/db-preprod.com360degree.com/httpdocs/vendor/laravel/framework/src/Illuminate/Session/Middleware/StartSession.php(62): Illuminate\\Session\\Middleware\\StartSession->handleStatefulRequest()
#26 /var/www/vhosts/db-preprod.com360degree.com/httpdocs/vendor/laravel/framework/src/Illuminate/Pipeline/Pipeline.php(167): Illuminate\\Session\\Middleware\\StartSession->handle()
#27 /var/www/vhosts/db-preprod.com360degree.com/httpdocs/vendor/laravel/framework/src/Illuminate/Cookie/Middleware/AddQueuedCookiesToResponse.php(37): Illuminate\\Pipeline\\Pipeline->Illuminate\\Pipeline\\{closure}()
#28 /var/www/vhosts/db-preprod.com360degree.com/httpdocs/vendor/laravel/framework/src/Illuminate/Pipeline/Pipeline.php(167): Illuminate\\Cookie\\Middleware\\AddQueuedCookiesToResponse->handle()
#29 /var/www/vhosts/db-preprod.com360degree.com/httpdocs/vendor/laravel/framework/src/Illuminate/Cookie/Middleware/EncryptCookies.php(67): Illuminate\\Pipeline\\Pipeline->Illuminate\\Pipeline\\{closure}()
#30 /var/www/vhosts/db-preprod.com360degree.com/httpdocs/vendor/laravel/framework/src/Illuminate/Pipeline/Pipeline.php(167): Illuminate\\Cookie\\Middleware\\EncryptCookies->handle()
#31 /var/www/vhosts/db-preprod.com360degree.com/httpdocs/vendor/laravel/framework/src/Illuminate/Pipeline/Pipeline.php(103): Illuminate\\Pipeline\\Pipeline->Illuminate\\Pipeline\\{closure}()
#32 /var/www/vhosts/db-preprod.com360degree.com/httpdocs/vendor/laravel/framework/src/Illuminate/Routing/Router.php(687): Illuminate\\Pipeline\\Pipeline->then()
#33 /var/www/vhosts/db-preprod.com360degree.com/httpdocs/vendor/laravel/framework/src/Illuminate/Routing/Router.php(662): Illuminate\\Routing\\Router->runRouteWithinStack()
#34 /var/www/vhosts/db-preprod.com360degree.com/httpdocs/vendor/laravel/framework/src/Illuminate/Routing/Router.php(628): Illuminate\\Routing\\Router->runRoute()
#35 /var/www/vhosts/db-preprod.com360degree.com/httpdocs/vendor/laravel/framework/src/Illuminate/Routing/Router.php(617): Illuminate\\Routing\\Router->dispatchToRoute()
#36 /var/www/vhosts/db-preprod.com360degree.com/httpdocs/vendor/laravel/framework/src/Illuminate/Foundation/Http/Kernel.php(165): Illuminate\\Routing\\Router->dispatch()
#37 /var/www/vhosts/db-preprod.com360degree.com/httpdocs/vendor/laravel/framework/src/Illuminate/Pipeline/Pipeline.php(128): Illuminate\\Foundation\\Http\\Kernel->Illuminate\\Foundation\\Http\\{closure}()
#38 /var/www/vhosts/db-preprod.com360degree.com/httpdocs/vendor/laravel/framework/src/Illuminate/Foundation/Http/Middleware/TransformsRequest.php(21): Illuminate\\Pipeline\\Pipeline->Illuminate\\Pipeline\\{closure}()
#39 /var/www/vhosts/db-preprod.com360degree.com/httpdocs/vendor/laravel/framework/src/Illuminate/Pipeline/Pipeline.php(167): Illuminate\\Foundation\\Http\\Middleware\\TransformsRequest->handle()
#40 /var/www/vhosts/db-preprod.com360degree.com/httpdocs/vendor/laravel/framework/src/Illuminate/Foundation/Http/Middleware/TransformsRequest.php(21): Illuminate\\Pipeline\\Pipeline->Illuminate\\Pipeline\\{closure}()
#41 /var/www/vhosts/db-preprod.com360degree.com/httpdocs/vendor/laravel/framework/src/Illuminate/Pipeline/Pipeline.php(167): Illuminate\\Foundation\\Http\\Middleware\\TransformsRequest->handle()
#42 /var/www/vhosts/db-preprod.com360degree.com/httpdocs/vendor/laravel/framework/src/Illuminate/Foundation/Http/Middleware/ValidatePostSize.php(27): Illuminate\\Pipeline\\Pipeline->Illuminate\\Pipeline\\{closure}()
#43 /var/www/vhosts/db-preprod.com360degree.com/httpdocs/vendor/laravel/framework/src/Illuminate/Pipeline/Pipeline.php(167): Illuminate\\Foundation\\Http\\Middleware\\ValidatePostSize->handle()
#44 /var/www/vhosts/db-preprod.com360degree.com/httpdocs/vendor/laravel/framework/src/Illuminate/Foundation/Http/Middleware/CheckForMaintenanceMode.php(63): Illuminate\\Pipeline\\Pipeline->Illuminate\\Pipeline\\{closure}()
#45 /var/www/vhosts/db-preprod.com360degree.com/httpdocs/vendor/laravel/framework/src/Illuminate/Pipeline/Pipeline.php(167): Illuminate\\Foundation\\Http\\Middleware\\CheckForMaintenanceMode->handle()
#46 /var/www/vhosts/db-preprod.com360degree.com/httpdocs/vendor/barryvdh/laravel-cors/src/HandleCors.php(37): Illuminate\\Pipeline\\Pipeline->Illuminate\\Pipeline\\{closure}()
#47 /var/www/vhosts/db-preprod.com360degree.com/httpdocs/vendor/laravel/framework/src/Illuminate/Pipeline/Pipeline.php(167): Fruitcake\\Cors\\HandleCors->handle()
#48 /var/www/vhosts/db-preprod.com360degree.com/httpdocs/vendor/fideloper/proxy/src/TrustProxies.php(57): Illuminate\\Pipeline\\Pipeline->Illuminate\\Pipeline\\{closure}()
#49 /var/www/vhosts/db-preprod.com360degree.com/httpdocs/vendor/laravel/framework/src/Illuminate/Pipeline/Pipeline.php(167): Fideloper\\Proxy\\TrustProxies->handle()
#50 /var/www/vhosts/db-preprod.com360degree.com/httpdocs/vendor/laravel/framework/src/Illuminate/Pipeline/Pipeline.php(103): Illuminate\\Pipeline\\Pipeline->Illuminate\\Pipeline\\{closure}()
#51 /var/www/vhosts/db-preprod.com360degree.com/httpdocs/vendor/laravel/framework/src/Illuminate/Foundation/Http/Kernel.php(140): Illuminate\\Pipeline\\Pipeline->then()
#52 /var/www/vhosts/db-preprod.com360degree.com/httpdocs/vendor/laravel/framework/src/Illuminate/Foundation/Http/Kernel.php(109): Illuminate\\Foundation\\Http\\Kernel->sendRequestThroughRouter()
#53 /var/www/vhosts/db-preprod.com360degree.com/httpdocs/index.php(55): Illuminate\\Foundation\\Http\\Kernel->handle()
#54 {main}
"} 
[2022-11-16 18:41:34] local.ERROR: Undefined variable: validTime (View: /var/www/vhosts/db-preprod.com360degree.com/httpdocs/resources/views/reports/pdf.blade.php) {"userId":964,"exception":"[object] (Facade\\Ignition\\Exceptions\\ViewException(code: 0): Undefined variable: validTime (View: /var/www/vhosts/db-preprod.com360degree.com/httpdocs/resources/views/reports/pdf.blade.php) at /var/www/vhosts/db-preprod.com360degree.com/httpdocs/resources/views/reports/pdf.blade.php:258)
[stacktrace]
#0 /var/www/vhosts/db-preprod.com360degree.com/httpdocs/resources/views/reports/pdf.blade.php(258): Illuminate\\Foundation\\Bootstrap\\HandleExceptions->handleError()
#1 /var/www/vhosts/db-preprod.com360degree.com/httpdocs/vendor/laravel/framework/src/Illuminate/View/Engines/PhpEngine.php(41): include('/var/www/vhosts...')
#2 /var/www/vhosts/db-preprod.com360degree.com/httpdocs/vendor/laravel/framework/src/Illuminate/View/Engines/CompilerEngine.php(57): Illuminate\\View\\Engines\\PhpEngine->evaluatePath()
#3 /var/www/vhosts/db-preprod.com360degree.com/httpdocs/vendor/facade/ignition/src/Views/Engines/CompilerEngine.php(37): Illuminate\\View\\Engines\\CompilerEngine->get()
#4 /var/www/vhosts/db-preprod.com360degree.com/httpdocs/vendor/laravel/framework/src/Illuminate/View/View.php(139): Facade\\Ignition\\Views\\Engines\\CompilerEngine->get()
#5 /var/www/vhosts/db-preprod.com360degree.com/httpdocs/vendor/laravel/framework/src/Illuminate/View/View.php(122): Illuminate\\View\\View->getContents()
#6 /var/www/vhosts/db-preprod.com360degree.com/httpdocs/vendor/laravel/framework/src/Illuminate/View/View.php(91): Illuminate\\View\\View->renderContents()
#7 /var/www/vhosts/db-preprod.com360degree.com/httpdocs/vendor/barryvdh/laravel-dompdf/src/PDF.php(132): Illuminate\\View\\View->render()
#8 /var/www/vhosts/db-preprod.com360degree.com/httpdocs/vendor/barryvdh/laravel-dompdf/src/Facade.php(31): Barryvdh\\DomPDF\\PDF->loadView()
#9 /var/www/vhosts/db-preprod.com360degree.com/httpdocs/app/Http/Controllers/ReportController.php(83): Barryvdh\\DomPDF\\Facade::__callStatic()
#10 /var/www/vhosts/db-preprod.com360degree.com/httpdocs/vendor/laravel/framework/src/Illuminate/Routing/Controller.php(54): App\\Http\\Controllers\\ReportController->search()
#11 /var/www/vhosts/db-preprod.com360degree.com/httpdocs/vendor/laravel/framework/src/Illuminate/Routing/ControllerDispatcher.php(45): Illuminate\\Routing\\Controller->callAction()
#12 /var/www/vhosts/db-preprod.com360degree.com/httpdocs/vendor/laravel/framework/src/Illuminate/Routing/Route.php(239): Illuminate\\Routing\\ControllerDispatcher->dispatch()
#13 /var/www/vhosts/db-preprod.com360degree.com/httpdocs/vendor/laravel/framework/src/Illuminate/Routing/Route.php(196): Illuminate\\Routing\\Route->runController()
#14 /var/www/vhosts/db-preprod.com360degree.com/httpdocs/vendor/laravel/framework/src/Illuminate/Routing/Router.php(685): Illuminate\\Routing\\Route->run()
#15 /var/www/vhosts/db-preprod.com360degree.com/httpdocs/vendor/laravel/framework/src/Illuminate/Pipeline/Pipeline.php(128): Illuminate\\Routing\\Router->Illuminate\\Routing\\{closure}()
#16 /var/www/vhosts/db-preprod.com360degree.com/httpdocs/vendor/laravel/framework/src/Illuminate/Routing/Middleware/SubstituteBindings.php(41): Illuminate\\Pipeline\\Pipeline->Illuminate\\Pipeline\\{closure}()
#17 /var/www/vhosts/db-preprod.com360degree.com/httpdocs/vendor/laravel/framework/src/Illuminate/Pipeline/Pipeline.php(167): Illuminate\\Routing\\Middleware\\SubstituteBindings->handle()
#18 /var/www/vhosts/db-preprod.com360degree.com/httpdocs/vendor/laravel/framework/src/Illuminate/Auth/Middleware/Authenticate.php(44): Illuminate\\Pipeline\\Pipeline->Illuminate\\Pipeline\\{closure}()
#19 /var/www/vhosts/db-preprod.com360degree.com/httpdocs/vendor/laravel/framework/src/Illuminate/Pipeline/Pipeline.php(167): Illuminate\\Auth\\Middleware\\Authenticate->handle()
#20 /var/www/vhosts/db-preprod.com360degree.com/httpdocs/vendor/laravel/framework/src/Illuminate/Foundation/Http/Middleware/VerifyCsrfToken.php(77): Illuminate\\Pipeline\\Pipeline->Illuminate\\Pipeline\\{closure}()
#21 /var/www/vhosts/db-preprod.com360degree.com/httpdocs/vendor/laravel/framework/src/Illuminate/Pipeline/Pipeline.php(167): Illuminate\\Foundation\\Http\\Middleware\\VerifyCsrfToken->handle()
#22 /var/www/vhosts/db-preprod.com360degree.com/httpdocs/vendor/laravel/framework/src/Illuminate/View/Middleware/ShareErrorsFromSession.php(49): Illuminate\\Pipeline\\Pipeline->Illuminate\\Pipeline\\{closure}()
#23 /var/www/vhosts/db-preprod.com360degree.com/httpdocs/vendor/laravel/framework/src/Illuminate/Pipeline/Pipeline.php(167): Illuminate\\View\\Middleware\\ShareErrorsFromSession->handle()
#24 /var/www/vhosts/db-preprod.com360degree.com/httpdocs/vendor/laravel/framework/src/Illuminate/Session/Middleware/StartSession.php(116): Illuminate\\Pipeline\\Pipeline->Illuminate\\Pipeline\\{closure}()
#25 /var/www/vhosts/db-preprod.com360degree.com/httpdocs/vendor/laravel/framework/src/Illuminate/Session/Middleware/StartSession.php(62): Illuminate\\Session\\Middleware\\StartSession->handleStatefulRequest()
#26 /var/www/vhosts/db-preprod.com360degree.com/httpdocs/vendor/laravel/framework/src/Illuminate/Pipeline/Pipeline.php(167): Illuminate\\Session\\Middleware\\StartSession->handle()
#27 /var/www/vhosts/db-preprod.com360degree.com/httpdocs/vendor/laravel/framework/src/Illuminate/Cookie/Middleware/AddQueuedCookiesToResponse.php(37): Illuminate\\Pipeline\\Pipeline->Illuminate\\Pipeline\\{closure}()
#28 /var/www/vhosts/db-preprod.com360degree.com/httpdocs/vendor/laravel/framework/src/Illuminate/Pipeline/Pipeline.php(167): Illuminate\\Cookie\\Middleware\\AddQueuedCookiesToResponse->handle()
#29 /var/www/vhosts/db-preprod.com360degree.com/httpdocs/vendor/laravel/framework/src/Illuminate/Cookie/Middleware/EncryptCookies.php(67): Illuminate\\Pipeline\\Pipeline->Illuminate\\Pipeline\\{closure}()
#30 /var/www/vhosts/db-preprod.com360degree.com/httpdocs/vendor/laravel/framework/src/Illuminate/Pipeline/Pipeline.php(167): Illuminate\\Cookie\\Middleware\\EncryptCookies->handle()
#31 /var/www/vhosts/db-preprod.com360degree.com/httpdocs/vendor/laravel/framework/src/Illuminate/Pipeline/Pipeline.php(103): Illuminate\\Pipeline\\Pipeline->Illuminate\\Pipeline\\{closure}()
#32 /var/www/vhosts/db-preprod.com360degree.com/httpdocs/vendor/laravel/framework/src/Illuminate/Routing/Router.php(687): Illuminate\\Pipeline\\Pipeline->then()
#33 /var/www/vhosts/db-preprod.com360degree.com/httpdocs/vendor/laravel/framework/src/Illuminate/Routing/Router.php(662): Illuminate\\Routing\\Router->runRouteWithinStack()
#34 /var/www/vhosts/db-preprod.com360degree.com/httpdocs/vendor/laravel/framework/src/Illuminate/Routing/Router.php(628): Illuminate\\Routing\\Router->runRoute()
#35 /var/www/vhosts/db-preprod.com360degree.com/httpdocs/vendor/laravel/framework/src/Illuminate/Routing/Router.php(617): Illuminate\\Routing\\Router->dispatchToRoute()
#36 /var/www/vhosts/db-preprod.com360degree.com/httpdocs/vendor/laravel/framework/src/Illuminate/Foundation/Http/Kernel.php(165): Illuminate\\Routing\\Router->dispatch()
#37 /var/www/vhosts/db-preprod.com360degree.com/httpdocs/vendor/laravel/framework/src/Illuminate/Pipeline/Pipeline.php(128): Illuminate\\Foundation\\Http\\Kernel->Illuminate\\Foundation\\Http\\{closure}()
#38 /var/www/vhosts/db-preprod.com360degree.com/httpdocs/vendor/laravel/framework/src/Illuminate/Foundation/Http/Middleware/TransformsRequest.php(21): Illuminate\\Pipeline\\Pipeline->Illuminate\\Pipeline\\{closure}()
#39 /var/www/vhosts/db-preprod.com360degree.com/httpdocs/vendor/laravel/framework/src/Illuminate/Pipeline/Pipeline.php(167): Illuminate\\Foundation\\Http\\Middleware\\TransformsRequest->handle()
#40 /var/www/vhosts/db-preprod.com360degree.com/httpdocs/vendor/laravel/framework/src/Illuminate/Foundation/Http/Middleware/TransformsRequest.php(21): Illuminate\\Pipeline\\Pipeline->Illuminate\\Pipeline\\{closure}()
#41 /var/www/vhosts/db-preprod.com360degree.com/httpdocs/vendor/laravel/framework/src/Illuminate/Pipeline/Pipeline.php(167): Illuminate\\Foundation\\Http\\Middleware\\TransformsRequest->handle()
#42 /var/www/vhosts/db-preprod.com360degree.com/httpdocs/vendor/laravel/framework/src/Illuminate/Foundation/Http/Middleware/ValidatePostSize.php(27): Illuminate\\Pipeline\\Pipeline->Illuminate\\Pipeline\\{closure}()
#43 /var/www/vhosts/db-preprod.com360degree.com/httpdocs/vendor/laravel/framework/src/Illuminate/Pipeline/Pipeline.php(167): Illuminate\\Foundation\\Http\\Middleware\\ValidatePostSize->handle()
#44 /var/www/vhosts/db-preprod.com360degree.com/httpdocs/vendor/laravel/framework/src/Illuminate/Foundation/Http/Middleware/CheckForMaintenanceMode.php(63): Illuminate\\Pipeline\\Pipeline->Illuminate\\Pipeline\\{closure}()
#45 /var/www/vhosts/db-preprod.com360degree.com/httpdocs/vendor/laravel/framework/src/Illuminate/Pipeline/Pipeline.php(167): Illuminate\\Foundation\\Http\\Middleware\\CheckForMaintenanceMode->handle()
#46 /var/www/vhosts/db-preprod.com360degree.com/httpdocs/vendor/barryvdh/laravel-cors/src/HandleCors.php(37): Illuminate\\Pipeline\\Pipeline->Illuminate\\Pipeline\\{closure}()
#47 /var/www/vhosts/db-preprod.com360degree.com/httpdocs/vendor/laravel/framework/src/Illuminate/Pipeline/Pipeline.php(167): Fruitcake\\Cors\\HandleCors->handle()
#48 /var/www/vhosts/db-preprod.com360degree.com/httpdocs/vendor/fideloper/proxy/src/TrustProxies.php(57): Illuminate\\Pipeline\\Pipeline->Illuminate\\Pipeline\\{closure}()
#49 /var/www/vhosts/db-preprod.com360degree.com/httpdocs/vendor/laravel/framework/src/Illuminate/Pipeline/Pipeline.php(167): Fideloper\\Proxy\\TrustProxies->handle()
#50 /var/www/vhosts/db-preprod.com360degree.com/httpdocs/vendor/laravel/framework/src/Illuminate/Pipeline/Pipeline.php(103): Illuminate\\Pipeline\\Pipeline->Illuminate\\Pipeline\\{closure}()
#51 /var/www/vhosts/db-preprod.com360degree.com/httpdocs/vendor/laravel/framework/src/Illuminate/Foundation/Http/Kernel.php(140): Illuminate\\Pipeline\\Pipeline->then()
#52 /var/www/vhosts/db-preprod.com360degree.com/httpdocs/vendor/laravel/framework/src/Illuminate/Foundation/Http/Kernel.php(109): Illuminate\\Foundation\\Http\\Kernel->sendRequestThroughRouter()
#53 /var/www/vhosts/db-preprod.com360degree.com/httpdocs/index.php(55): Illuminate\\Foundation\\Http\\Kernel->handle()
#54 {main}

[previous exception] [object] (ErrorException(code: 0): Undefined variable: validTime at /var/www/vhosts/db-preprod.com360degree.com/httpdocs/storage/framework/views/54bfebd97302fbfdbde0e65ebddb9c287337e645.php:273)
[stacktrace]
#0 /var/www/vhosts/db-preprod.com360degree.com/httpdocs/storage/framework/views/54bfebd97302fbfdbde0e65ebddb9c287337e645.php(273): Illuminate\\Foundation\\Bootstrap\\HandleExceptions->handleError()
#1 /var/www/vhosts/db-preprod.com360degree.com/httpdocs/vendor/laravel/framework/src/Illuminate/View/Engines/PhpEngine.php(41): include('/var/www/vhosts...')
#2 /var/www/vhosts/db-preprod.com360degree.com/httpdocs/vendor/laravel/framework/src/Illuminate/View/Engines/CompilerEngine.php(57): Illuminate\\View\\Engines\\PhpEngine->evaluatePath()
#3 /var/www/vhosts/db-preprod.com360degree.com/httpdocs/vendor/facade/ignition/src/Views/Engines/CompilerEngine.php(37): Illuminate\\View\\Engines\\CompilerEngine->get()
#4 /var/www/vhosts/db-preprod.com360degree.com/httpdocs/vendor/laravel/framework/src/Illuminate/View/View.php(139): Facade\\Ignition\\Views\\Engines\\CompilerEngine->get()
#5 /var/www/vhosts/db-preprod.com360degree.com/httpdocs/vendor/laravel/framework/src/Illuminate/View/View.php(122): Illuminate\\View\\View->getContents()
#6 /var/www/vhosts/db-preprod.com360degree.com/httpdocs/vendor/laravel/framework/src/Illuminate/View/View.php(91): Illuminate\\View\\View->renderContents()
#7 /var/www/vhosts/db-preprod.com360degree.com/httpdocs/vendor/barryvdh/laravel-dompdf/src/PDF.php(132): Illuminate\\View\\View->render()
#8 /var/www/vhosts/db-preprod.com360degree.com/httpdocs/vendor/barryvdh/laravel-dompdf/src/Facade.php(31): Barryvdh\\DomPDF\\PDF->loadView()
#9 /var/www/vhosts/db-preprod.com360degree.com/httpdocs/app/Http/Controllers/ReportController.php(83): Barryvdh\\DomPDF\\Facade::__callStatic()
#10 /var/www/vhosts/db-preprod.com360degree.com/httpdocs/vendor/laravel/framework/src/Illuminate/Routing/Controller.php(54): App\\Http\\Controllers\\ReportController->search()
#11 /var/www/vhosts/db-preprod.com360degree.com/httpdocs/vendor/laravel/framework/src/Illuminate/Routing/ControllerDispatcher.php(45): Illuminate\\Routing\\Controller->callAction()
#12 /var/www/vhosts/db-preprod.com360degree.com/httpdocs/vendor/laravel/framework/src/Illuminate/Routing/Route.php(239): Illuminate\\Routing\\ControllerDispatcher->dispatch()
#13 /var/www/vhosts/db-preprod.com360degree.com/httpdocs/vendor/laravel/framework/src/Illuminate/Routing/Route.php(196): Illuminate\\Routing\\Route->runController()
#14 /var/www/vhosts/db-preprod.com360degree.com/httpdocs/vendor/laravel/framework/src/Illuminate/Routing/Router.php(685): Illuminate\\Routing\\Route->run()
#15 /var/www/vhosts/db-preprod.com360degree.com/httpdocs/vendor/laravel/framework/src/Illuminate/Pipeline/Pipeline.php(128): Illuminate\\Routing\\Router->Illuminate\\Routing\\{closure}()
#16 /var/www/vhosts/db-preprod.com360degree.com/httpdocs/vendor/laravel/framework/src/Illuminate/Routing/Middleware/SubstituteBindings.php(41): Illuminate\\Pipeline\\Pipeline->Illuminate\\Pipeline\\{closure}()
#17 /var/www/vhosts/db-preprod.com360degree.com/httpdocs/vendor/laravel/framework/src/Illuminate/Pipeline/Pipeline.php(167): Illuminate\\Routing\\Middleware\\SubstituteBindings->handle()
#18 /var/www/vhosts/db-preprod.com360degree.com/httpdocs/vendor/laravel/framework/src/Illuminate/Auth/Middleware/Authenticate.php(44): Illuminate\\Pipeline\\Pipeline->Illuminate\\Pipeline\\{closure}()
#19 /var/www/vhosts/db-preprod.com360degree.com/httpdocs/vendor/laravel/framework/src/Illuminate/Pipeline/Pipeline.php(167): Illuminate\\Auth\\Middleware\\Authenticate->handle()
#20 /var/www/vhosts/db-preprod.com360degree.com/httpdocs/vendor/laravel/framework/src/Illuminate/Foundation/Http/Middleware/VerifyCsrfToken.php(77): Illuminate\\Pipeline\\Pipeline->Illuminate\\Pipeline\\{closure}()
#21 /var/www/vhosts/db-preprod.com360degree.com/httpdocs/vendor/laravel/framework/src/Illuminate/Pipeline/Pipeline.php(167): Illuminate\\Foundation\\Http\\Middleware\\VerifyCsrfToken->handle()
#22 /var/www/vhosts/db-preprod.com360degree.com/httpdocs/vendor/laravel/framework/src/Illuminate/View/Middleware/ShareErrorsFromSession.php(49): Illuminate\\Pipeline\\Pipeline->Illuminate\\Pipeline\\{closure}()
#23 /var/www/vhosts/db-preprod.com360degree.com/httpdocs/vendor/laravel/framework/src/Illuminate/Pipeline/Pipeline.php(167): Illuminate\\View\\Middleware\\ShareErrorsFromSession->handle()
#24 /var/www/vhosts/db-preprod.com360degree.com/httpdocs/vendor/laravel/framework/src/Illuminate/Session/Middleware/StartSession.php(116): Illuminate\\Pipeline\\Pipeline->Illuminate\\Pipeline\\{closure}()
#25 /var/www/vhosts/db-preprod.com360degree.com/httpdocs/vendor/laravel/framework/src/Illuminate/Session/Middleware/StartSession.php(62): Illuminate\\Session\\Middleware\\StartSession->handleStatefulRequest()
#26 /var/www/vhosts/db-preprod.com360degree.com/httpdocs/vendor/laravel/framework/src/Illuminate/Pipeline/Pipeline.php(167): Illuminate\\Session\\Middleware\\StartSession->handle()
#27 /var/www/vhosts/db-preprod.com360degree.com/httpdocs/vendor/laravel/framework/src/Illuminate/Cookie/Middleware/AddQueuedCookiesToResponse.php(37): Illuminate\\Pipeline\\Pipeline->Illuminate\\Pipeline\\{closure}()
#28 /var/www/vhosts/db-preprod.com360degree.com/httpdocs/vendor/laravel/framework/src/Illuminate/Pipeline/Pipeline.php(167): Illuminate\\Cookie\\Middleware\\AddQueuedCookiesToResponse->handle()
#29 /var/www/vhosts/db-preprod.com360degree.com/httpdocs/vendor/laravel/framework/src/Illuminate/Cookie/Middleware/EncryptCookies.php(67): Illuminate\\Pipeline\\Pipeline->Illuminate\\Pipeline\\{closure}()
#30 /var/www/vhosts/db-preprod.com360degree.com/httpdocs/vendor/laravel/framework/src/Illuminate/Pipeline/Pipeline.php(167): Illuminate\\Cookie\\Middleware\\EncryptCookies->handle()
#31 /var/www/vhosts/db-preprod.com360degree.com/httpdocs/vendor/laravel/framework/src/Illuminate/Pipeline/Pipeline.php(103): Illuminate\\Pipeline\\Pipeline->Illuminate\\Pipeline\\{closure}()
#32 /var/www/vhosts/db-preprod.com360degree.com/httpdocs/vendor/laravel/framework/src/Illuminate/Routing/Router.php(687): Illuminate\\Pipeline\\Pipeline->then()
#33 /var/www/vhosts/db-preprod.com360degree.com/httpdocs/vendor/laravel/framework/src/Illuminate/Routing/Router.php(662): Illuminate\\Routing\\Router->runRouteWithinStack()
#34 /var/www/vhosts/db-preprod.com360degree.com/httpdocs/vendor/laravel/framework/src/Illuminate/Routing/Router.php(628): Illuminate\\Routing\\Router->runRoute()
#35 /var/www/vhosts/db-preprod.com360degree.com/httpdocs/vendor/laravel/framework/src/Illuminate/Routing/Router.php(617): Illuminate\\Routing\\Router->dispatchToRoute()
#36 /var/www/vhosts/db-preprod.com360degree.com/httpdocs/vendor/laravel/framework/src/Illuminate/Foundation/Http/Kernel.php(165): Illuminate\\Routing\\Router->dispatch()
#37 /var/www/vhosts/db-preprod.com360degree.com/httpdocs/vendor/laravel/framework/src/Illuminate/Pipeline/Pipeline.php(128): Illuminate\\Foundation\\Http\\Kernel->Illuminate\\Foundation\\Http\\{closure}()
#38 /var/www/vhosts/db-preprod.com360degree.com/httpdocs/vendor/laravel/framework/src/Illuminate/Foundation/Http/Middleware/TransformsRequest.php(21): Illuminate\\Pipeline\\Pipeline->Illuminate\\Pipeline\\{closure}()
#39 /var/www/vhosts/db-preprod.com360degree.com/httpdocs/vendor/laravel/framework/src/Illuminate/Pipeline/Pipeline.php(167): Illuminate\\Foundation\\Http\\Middleware\\TransformsRequest->handle()
#40 /var/www/vhosts/db-preprod.com360degree.com/httpdocs/vendor/laravel/framework/src/Illuminate/Foundation/Http/Middleware/TransformsRequest.php(21): Illuminate\\Pipeline\\Pipeline->Illuminate\\Pipeline\\{closure}()
#41 /var/www/vhosts/db-preprod.com360degree.com/httpdocs/vendor/laravel/framework/src/Illuminate/Pipeline/Pipeline.php(167): Illuminate\\Foundation\\Http\\Middleware\\TransformsRequest->handle()
#42 /var/www/vhosts/db-preprod.com360degree.com/httpdocs/vendor/laravel/framework/src/Illuminate/Foundation/Http/Middleware/ValidatePostSize.php(27): Illuminate\\Pipeline\\Pipeline->Illuminate\\Pipeline\\{closure}()
#43 /var/www/vhosts/db-preprod.com360degree.com/httpdocs/vendor/laravel/framework/src/Illuminate/Pipeline/Pipeline.php(167): Illuminate\\Foundation\\Http\\Middleware\\ValidatePostSize->handle()
#44 /var/www/vhosts/db-preprod.com360degree.com/httpdocs/vendor/laravel/framework/src/Illuminate/Foundation/Http/Middleware/CheckForMaintenanceMode.php(63): Illuminate\\Pipeline\\Pipeline->Illuminate\\Pipeline\\{closure}()
#45 /var/www/vhosts/db-preprod.com360degree.com/httpdocs/vendor/laravel/framework/src/Illuminate/Pipeline/Pipeline.php(167): Illuminate\\Foundation\\Http\\Middleware\\CheckForMaintenanceMode->handle()
#46 /var/www/vhosts/db-preprod.com360degree.com/httpdocs/vendor/barryvdh/laravel-cors/src/HandleCors.php(37): Illuminate\\Pipeline\\Pipeline->Illuminate\\Pipeline\\{closure}()
#47 /var/www/vhosts/db-preprod.com360degree.com/httpdocs/vendor/laravel/framework/src/Illuminate/Pipeline/Pipeline.php(167): Fruitcake\\Cors\\HandleCors->handle()
#48 /var/www/vhosts/db-preprod.com360degree.com/httpdocs/vendor/fideloper/proxy/src/TrustProxies.php(57): Illuminate\\Pipeline\\Pipeline->Illuminate\\Pipeline\\{closure}()
#49 /var/www/vhosts/db-preprod.com360degree.com/httpdocs/vendor/laravel/framework/src/Illuminate/Pipeline/Pipeline.php(167): Fideloper\\Proxy\\TrustProxies->handle()
#50 /var/www/vhosts/db-preprod.com360degree.com/httpdocs/vendor/laravel/framework/src/Illuminate/Pipeline/Pipeline.php(103): Illuminate\\Pipeline\\Pipeline->Illuminate\\Pipeline\\{closure}()
#51 /var/www/vhosts/db-preprod.com360degree.com/httpdocs/vendor/laravel/framework/src/Illuminate/Foundation/Http/Kernel.php(140): Illuminate\\Pipeline\\Pipeline->then()
#52 /var/www/vhosts/db-preprod.com360degree.com/httpdocs/vendor/laravel/framework/src/Illuminate/Foundation/Http/Kernel.php(109): Illuminate\\Foundation\\Http\\Kernel->sendRequestThroughRouter()
#53 /var/www/vhosts/db-preprod.com360degree.com/httpdocs/index.php(55): Illuminate\\Foundation\\Http\\Kernel->handle()
#54 {main}
"} 
[2022-11-16 18:42:20] local.INFO: PDF REPORTS  
[2022-11-16 18:42:20] local.INFO: VC-Report-(01-Feb-2018)-(31-Aug-2018)-1-Employees.pdf  
[2022-11-16 18:42:20] local.INFO: Hey Kanav Sharma  
[2022-11-16 18:43:02] local.INFO: PDF REPORTS  
[2022-11-16 18:43:02] local.INFO: VC-Report-(01-Feb-2018)-(31-Aug-2018)-1-Employees.pdf  
[2022-11-16 18:43:02] local.INFO: Hey Kanav Sharma  
[2022-11-16 18:44:47] local.ERROR: Undefined variable: validTime (View: /var/www/vhosts/db-preprod.com360degree.com/httpdocs/resources/views/reports/pdf.blade.php) {"userId":964,"exception":"[object] (Facade\\Ignition\\Exceptions\\ViewException(code: 0): Undefined variable: validTime (View: /var/www/vhosts/db-preprod.com360degree.com/httpdocs/resources/views/reports/pdf.blade.php) at /var/www/vhosts/db-preprod.com360degree.com/httpdocs/resources/views/reports/pdf.blade.php:258)
[stacktrace]
#0 /var/www/vhosts/db-preprod.com360degree.com/httpdocs/resources/views/reports/pdf.blade.php(258): Illuminate\\Foundation\\Bootstrap\\HandleExceptions->handleError()
#1 /var/www/vhosts/db-preprod.com360degree.com/httpdocs/vendor/laravel/framework/src/Illuminate/View/Engines/PhpEngine.php(41): include('/var/www/vhosts...')
#2 /var/www/vhosts/db-preprod.com360degree.com/httpdocs/vendor/laravel/framework/src/Illuminate/View/Engines/CompilerEngine.php(57): Illuminate\\View\\Engines\\PhpEngine->evaluatePath()
#3 /var/www/vhosts/db-preprod.com360degree.com/httpdocs/vendor/facade/ignition/src/Views/Engines/CompilerEngine.php(37): Illuminate\\View\\Engines\\CompilerEngine->get()
#4 /var/www/vhosts/db-preprod.com360degree.com/httpdocs/vendor/laravel/framework/src/Illuminate/View/View.php(139): Facade\\Ignition\\Views\\Engines\\CompilerEngine->get()
#5 /var/www/vhosts/db-preprod.com360degree.com/httpdocs/vendor/laravel/framework/src/Illuminate/View/View.php(122): Illuminate\\View\\View->getContents()
#6 /var/www/vhosts/db-preprod.com360degree.com/httpdocs/vendor/laravel/framework/src/Illuminate/View/View.php(91): Illuminate\\View\\View->renderContents()
#7 /var/www/vhosts/db-preprod.com360degree.com/httpdocs/vendor/barryvdh/laravel-dompdf/src/PDF.php(132): Illuminate\\View\\View->render()
#8 /var/www/vhosts/db-preprod.com360degree.com/httpdocs/vendor/barryvdh/laravel-dompdf/src/Facade.php(31): Barryvdh\\DomPDF\\PDF->loadView()
#9 /var/www/vhosts/db-preprod.com360degree.com/httpdocs/app/Http/Controllers/ReportController.php(83): Barryvdh\\DomPDF\\Facade::__callStatic()
#10 /var/www/vhosts/db-preprod.com360degree.com/httpdocs/vendor/laravel/framework/src/Illuminate/Routing/Controller.php(54): App\\Http\\Controllers\\ReportController->search()
#11 /var/www/vhosts/db-preprod.com360degree.com/httpdocs/vendor/laravel/framework/src/Illuminate/Routing/ControllerDispatcher.php(45): Illuminate\\Routing\\Controller->callAction()
#12 /var/www/vhosts/db-preprod.com360degree.com/httpdocs/vendor/laravel/framework/src/Illuminate/Routing/Route.php(239): Illuminate\\Routing\\ControllerDispatcher->dispatch()
#13 /var/www/vhosts/db-preprod.com360degree.com/httpdocs/vendor/laravel/framework/src/Illuminate/Routing/Route.php(196): Illuminate\\Routing\\Route->runController()
#14 /var/www/vhosts/db-preprod.com360degree.com/httpdocs/vendor/laravel/framework/src/Illuminate/Routing/Router.php(685): Illuminate\\Routing\\Route->run()
#15 /var/www/vhosts/db-preprod.com360degree.com/httpdocs/vendor/laravel/framework/src/Illuminate/Pipeline/Pipeline.php(128): Illuminate\\Routing\\Router->Illuminate\\Routing\\{closure}()
#16 /var/www/vhosts/db-preprod.com360degree.com/httpdocs/vendor/laravel/framework/src/Illuminate/Routing/Middleware/SubstituteBindings.php(41): Illuminate\\Pipeline\\Pipeline->Illuminate\\Pipeline\\{closure}()
#17 /var/www/vhosts/db-preprod.com360degree.com/httpdocs/vendor/laravel/framework/src/Illuminate/Pipeline/Pipeline.php(167): Illuminate\\Routing\\Middleware\\SubstituteBindings->handle()
#18 /var/www/vhosts/db-preprod.com360degree.com/httpdocs/vendor/laravel/framework/src/Illuminate/Auth/Middleware/Authenticate.php(44): Illuminate\\Pipeline\\Pipeline->Illuminate\\Pipeline\\{closure}()
#19 /var/www/vhosts/db-preprod.com360degree.com/httpdocs/vendor/laravel/framework/src/Illuminate/Pipeline/Pipeline.php(167): Illuminate\\Auth\\Middleware\\Authenticate->handle()
#20 /var/www/vhosts/db-preprod.com360degree.com/httpdocs/vendor/laravel/framework/src/Illuminate/Foundation/Http/Middleware/VerifyCsrfToken.php(77): Illuminate\\Pipeline\\Pipeline->Illuminate\\Pipeline\\{closure}()
#21 /var/www/vhosts/db-preprod.com360degree.com/httpdocs/vendor/laravel/framework/src/Illuminate/Pipeline/Pipeline.php(167): Illuminate\\Foundation\\Http\\Middleware\\VerifyCsrfToken->handle()
#22 /var/www/vhosts/db-preprod.com360degree.com/httpdocs/vendor/laravel/framework/src/Illuminate/View/Middleware/ShareErrorsFromSession.php(49): Illuminate\\Pipeline\\Pipeline->Illuminate\\Pipeline\\{closure}()
#23 /var/www/vhosts/db-preprod.com360degree.com/httpdocs/vendor/laravel/framework/src/Illuminate/Pipeline/Pipeline.php(167): Illuminate\\View\\Middleware\\ShareErrorsFromSession->handle()
#24 /var/www/vhosts/db-preprod.com360degree.com/httpdocs/vendor/laravel/framework/src/Illuminate/Session/Middleware/StartSession.php(116): Illuminate\\Pipeline\\Pipeline->Illuminate\\Pipeline\\{closure}()
#25 /var/www/vhosts/db-preprod.com360degree.com/httpdocs/vendor/laravel/framework/src/Illuminate/Session/Middleware/StartSession.php(62): Illuminate\\Session\\Middleware\\StartSession->handleStatefulRequest()
#26 /var/www/vhosts/db-preprod.com360degree.com/httpdocs/vendor/laravel/framework/src/Illuminate/Pipeline/Pipeline.php(167): Illuminate\\Session\\Middleware\\StartSession->handle()
#27 /var/www/vhosts/db-preprod.com360degree.com/httpdocs/vendor/laravel/framework/src/Illuminate/Cookie/Middleware/AddQueuedCookiesToResponse.php(37): Illuminate\\Pipeline\\Pipeline->Illuminate\\Pipeline\\{closure}()
#28 /var/www/vhosts/db-preprod.com360degree.com/httpdocs/vendor/laravel/framework/src/Illuminate/Pipeline/Pipeline.php(167): Illuminate\\Cookie\\Middleware\\AddQueuedCookiesToResponse->handle()
#29 /var/www/vhosts/db-preprod.com360degree.com/httpdocs/vendor/laravel/framework/src/Illuminate/Cookie/Middleware/EncryptCookies.php(67): Illuminate\\Pipeline\\Pipeline->Illuminate\\Pipeline\\{closure}()
#30 /var/www/vhosts/db-preprod.com360degree.com/httpdocs/vendor/laravel/framework/src/Illuminate/Pipeline/Pipeline.php(167): Illuminate\\Cookie\\Middleware\\EncryptCookies->handle()
#31 /var/www/vhosts/db-preprod.com360degree.com/httpdocs/vendor/laravel/framework/src/Illuminate/Pipeline/Pipeline.php(103): Illuminate\\Pipeline\\Pipeline->Illuminate\\Pipeline\\{closure}()
#32 /var/www/vhosts/db-preprod.com360degree.com/httpdocs/vendor/laravel/framework/src/Illuminate/Routing/Router.php(687): Illuminate\\Pipeline\\Pipeline->then()
#33 /var/www/vhosts/db-preprod.com360degree.com/httpdocs/vendor/laravel/framework/src/Illuminate/Routing/Router.php(662): Illuminate\\Routing\\Router->runRouteWithinStack()
#34 /var/www/vhosts/db-preprod.com360degree.com/httpdocs/vendor/laravel/framework/src/Illuminate/Routing/Router.php(628): Illuminate\\Routing\\Router->runRoute()
#35 /var/www/vhosts/db-preprod.com360degree.com/httpdocs/vendor/laravel/framework/src/Illuminate/Routing/Router.php(617): Illuminate\\Routing\\Router->dispatchToRoute()
#36 /var/www/vhosts/db-preprod.com360degree.com/httpdocs/vendor/laravel/framework/src/Illuminate/Foundation/Http/Kernel.php(165): Illuminate\\Routing\\Router->dispatch()
#37 /var/www/vhosts/db-preprod.com360degree.com/httpdocs/vendor/laravel/framework/src/Illuminate/Pipeline/Pipeline.php(128): Illuminate\\Foundation\\Http\\Kernel->Illuminate\\Foundation\\Http\\{closure}()
#38 /var/www/vhosts/db-preprod.com360degree.com/httpdocs/vendor/laravel/framework/src/Illuminate/Foundation/Http/Middleware/TransformsRequest.php(21): Illuminate\\Pipeline\\Pipeline->Illuminate\\Pipeline\\{closure}()
#39 /var/www/vhosts/db-preprod.com360degree.com/httpdocs/vendor/laravel/framework/src/Illuminate/Pipeline/Pipeline.php(167): Illuminate\\Foundation\\Http\\Middleware\\TransformsRequest->handle()
#40 /var/www/vhosts/db-preprod.com360degree.com/httpdocs/vendor/laravel/framework/src/Illuminate/Foundation/Http/Middleware/TransformsRequest.php(21): Illuminate\\Pipeline\\Pipeline->Illuminate\\Pipeline\\{closure}()
#41 /var/www/vhosts/db-preprod.com360degree.com/httpdocs/vendor/laravel/framework/src/Illuminate/Pipeline/Pipeline.php(167): Illuminate\\Foundation\\Http\\Middleware\\TransformsRequest->handle()
#42 /var/www/vhosts/db-preprod.com360degree.com/httpdocs/vendor/laravel/framework/src/Illuminate/Foundation/Http/Middleware/ValidatePostSize.php(27): Illuminate\\Pipeline\\Pipeline->Illuminate\\Pipeline\\{closure}()
#43 /var/www/vhosts/db-preprod.com360degree.com/httpdocs/vendor/laravel/framework/src/Illuminate/Pipeline/Pipeline.php(167): Illuminate\\Foundation\\Http\\Middleware\\ValidatePostSize->handle()
#44 /var/www/vhosts/db-preprod.com360degree.com/httpdocs/vendor/laravel/framework/src/Illuminate/Foundation/Http/Middleware/CheckForMaintenanceMode.php(63): Illuminate\\Pipeline\\Pipeline->Illuminate\\Pipeline\\{closure}()
#45 /var/www/vhosts/db-preprod.com360degree.com/httpdocs/vendor/laravel/framework/src/Illuminate/Pipeline/Pipeline.php(167): Illuminate\\Foundation\\Http\\Middleware\\CheckForMaintenanceMode->handle()
#46 /var/www/vhosts/db-preprod.com360degree.com/httpdocs/vendor/barryvdh/laravel-cors/src/HandleCors.php(37): Illuminate\\Pipeline\\Pipeline->Illuminate\\Pipeline\\{closure}()
#47 /var/www/vhosts/db-preprod.com360degree.com/httpdocs/vendor/laravel/framework/src/Illuminate/Pipeline/Pipeline.php(167): Fruitcake\\Cors\\HandleCors->handle()
#48 /var/www/vhosts/db-preprod.com360degree.com/httpdocs/vendor/fideloper/proxy/src/TrustProxies.php(57): Illuminate\\Pipeline\\Pipeline->Illuminate\\Pipeline\\{closure}()
#49 /var/www/vhosts/db-preprod.com360degree.com/httpdocs/vendor/laravel/framework/src/Illuminate/Pipeline/Pipeline.php(167): Fideloper\\Proxy\\TrustProxies->handle()
#50 /var/www/vhosts/db-preprod.com360degree.com/httpdocs/vendor/laravel/framework/src/Illuminate/Pipeline/Pipeline.php(103): Illuminate\\Pipeline\\Pipeline->Illuminate\\Pipeline\\{closure}()
#51 /var/www/vhosts/db-preprod.com360degree.com/httpdocs/vendor/laravel/framework/src/Illuminate/Foundation/Http/Kernel.php(140): Illuminate\\Pipeline\\Pipeline->then()
#52 /var/www/vhosts/db-preprod.com360degree.com/httpdocs/vendor/laravel/framework/src/Illuminate/Foundation/Http/Kernel.php(109): Illuminate\\Foundation\\Http\\Kernel->sendRequestThroughRouter()
#53 /var/www/vhosts/db-preprod.com360degree.com/httpdocs/index.php(55): Illuminate\\Foundation\\Http\\Kernel->handle()
#54 {main}

[previous exception] [object] (ErrorException(code: 0): Undefined variable: validTime at /var/www/vhosts/db-preprod.com360degree.com/httpdocs/storage/framework/views/54bfebd97302fbfdbde0e65ebddb9c287337e645.php:273)
[stacktrace]
#0 /var/www/vhosts/db-preprod.com360degree.com/httpdocs/storage/framework/views/54bfebd97302fbfdbde0e65ebddb9c287337e645.php(273): Illuminate\\Foundation\\Bootstrap\\HandleExceptions->handleError()
#1 /var/www/vhosts/db-preprod.com360degree.com/httpdocs/vendor/laravel/framework/src/Illuminate/View/Engines/PhpEngine.php(41): include('/var/www/vhosts...')
#2 /var/www/vhosts/db-preprod.com360degree.com/httpdocs/vendor/laravel/framework/src/Illuminate/View/Engines/CompilerEngine.php(57): Illuminate\\View\\Engines\\PhpEngine->evaluatePath()
#3 /var/www/vhosts/db-preprod.com360degree.com/httpdocs/vendor/facade/ignition/src/Views/Engines/CompilerEngine.php(37): Illuminate\\View\\Engines\\CompilerEngine->get()
#4 /var/www/vhosts/db-preprod.com360degree.com/httpdocs/vendor/laravel/framework/src/Illuminate/View/View.php(139): Facade\\Ignition\\Views\\Engines\\CompilerEngine->get()
#5 /var/www/vhosts/db-preprod.com360degree.com/httpdocs/vendor/laravel/framework/src/Illuminate/View/View.php(122): Illuminate\\View\\View->getContents()
#6 /var/www/vhosts/db-preprod.com360degree.com/httpdocs/vendor/laravel/framework/src/Illuminate/View/View.php(91): Illuminate\\View\\View->renderContents()
#7 /var/www/vhosts/db-preprod.com360degree.com/httpdocs/vendor/barryvdh/laravel-dompdf/src/PDF.php(132): Illuminate\\View\\View->render()
#8 /var/www/vhosts/db-preprod.com360degree.com/httpdocs/vendor/barryvdh/laravel-dompdf/src/Facade.php(31): Barryvdh\\DomPDF\\PDF->loadView()
#9 /var/www/vhosts/db-preprod.com360degree.com/httpdocs/app/Http/Controllers/ReportController.php(83): Barryvdh\\DomPDF\\Facade::__callStatic()
#10 /var/www/vhosts/db-preprod.com360degree.com/httpdocs/vendor/laravel/framework/src/Illuminate/Routing/Controller.php(54): App\\Http\\Controllers\\ReportController->search()
#11 /var/www/vhosts/db-preprod.com360degree.com/httpdocs/vendor/laravel/framework/src/Illuminate/Routing/ControllerDispatcher.php(45): Illuminate\\Routing\\Controller->callAction()
#12 /var/www/vhosts/db-preprod.com360degree.com/httpdocs/vendor/laravel/framework/src/Illuminate/Routing/Route.php(239): Illuminate\\Routing\\ControllerDispatcher->dispatch()
#13 /var/www/vhosts/db-preprod.com360degree.com/httpdocs/vendor/laravel/framework/src/Illuminate/Routing/Route.php(196): Illuminate\\Routing\\Route->runController()
#14 /var/www/vhosts/db-preprod.com360degree.com/httpdocs/vendor/laravel/framework/src/Illuminate/Routing/Router.php(685): Illuminate\\Routing\\Route->run()
#15 /var/www/vhosts/db-preprod.com360degree.com/httpdocs/vendor/laravel/framework/src/Illuminate/Pipeline/Pipeline.php(128): Illuminate\\Routing\\Router->Illuminate\\Routing\\{closure}()
#16 /var/www/vhosts/db-preprod.com360degree.com/httpdocs/vendor/laravel/framework/src/Illuminate/Routing/Middleware/SubstituteBindings.php(41): Illuminate\\Pipeline\\Pipeline->Illuminate\\Pipeline\\{closure}()
#17 /var/www/vhosts/db-preprod.com360degree.com/httpdocs/vendor/laravel/framework/src/Illuminate/Pipeline/Pipeline.php(167): Illuminate\\Routing\\Middleware\\SubstituteBindings->handle()
#18 /var/www/vhosts/db-preprod.com360degree.com/httpdocs/vendor/laravel/framework/src/Illuminate/Auth/Middleware/Authenticate.php(44): Illuminate\\Pipeline\\Pipeline->Illuminate\\Pipeline\\{closure}()
#19 /var/www/vhosts/db-preprod.com360degree.com/httpdocs/vendor/laravel/framework/src/Illuminate/Pipeline/Pipeline.php(167): Illuminate\\Auth\\Middleware\\Authenticate->handle()
#20 /var/www/vhosts/db-preprod.com360degree.com/httpdocs/vendor/laravel/framework/src/Illuminate/Foundation/Http/Middleware/VerifyCsrfToken.php(77): Illuminate\\Pipeline\\Pipeline->Illuminate\\Pipeline\\{closure}()
#21 /var/www/vhosts/db-preprod.com360degree.com/httpdocs/vendor/laravel/framework/src/Illuminate/Pipeline/Pipeline.php(167): Illuminate\\Foundation\\Http\\Middleware\\VerifyCsrfToken->handle()
#22 /var/www/vhosts/db-preprod.com360degree.com/httpdocs/vendor/laravel/framework/src/Illuminate/View/Middleware/ShareErrorsFromSession.php(49): Illuminate\\Pipeline\\Pipeline->Illuminate\\Pipeline\\{closure}()
#23 /var/www/vhosts/db-preprod.com360degree.com/httpdocs/vendor/laravel/framework/src/Illuminate/Pipeline/Pipeline.php(167): Illuminate\\View\\Middleware\\ShareErrorsFromSession->handle()
#24 /var/www/vhosts/db-preprod.com360degree.com/httpdocs/vendor/laravel/framework/src/Illuminate/Session/Middleware/StartSession.php(116): Illuminate\\Pipeline\\Pipeline->Illuminate\\Pipeline\\{closure}()
#25 /var/www/vhosts/db-preprod.com360degree.com/httpdocs/vendor/laravel/framework/src/Illuminate/Session/Middleware/StartSession.php(62): Illuminate\\Session\\Middleware\\StartSession->handleStatefulRequest()
#26 /var/www/vhosts/db-preprod.com360degree.com/httpdocs/vendor/laravel/framework/src/Illuminate/Pipeline/Pipeline.php(167): Illuminate\\Session\\Middleware\\StartSession->handle()
#27 /var/www/vhosts/db-preprod.com360degree.com/httpdocs/vendor/laravel/framework/src/Illuminate/Cookie/Middleware/AddQueuedCookiesToResponse.php(37): Illuminate\\Pipeline\\Pipeline->Illuminate\\Pipeline\\{closure}()
#28 /var/www/vhosts/db-preprod.com360degree.com/httpdocs/vendor/laravel/framework/src/Illuminate/Pipeline/Pipeline.php(167): Illuminate\\Cookie\\Middleware\\AddQueuedCookiesToResponse->handle()
#29 /var/www/vhosts/db-preprod.com360degree.com/httpdocs/vendor/laravel/framework/src/Illuminate/Cookie/Middleware/EncryptCookies.php(67): Illuminate\\Pipeline\\Pipeline->Illuminate\\Pipeline\\{closure}()
#30 /var/www/vhosts/db-preprod.com360degree.com/httpdocs/vendor/laravel/framework/src/Illuminate/Pipeline/Pipeline.php(167): Illuminate\\Cookie\\Middleware\\EncryptCookies->handle()
#31 /var/www/vhosts/db-preprod.com360degree.com/httpdocs/vendor/laravel/framework/src/Illuminate/Pipeline/Pipeline.php(103): Illuminate\\Pipeline\\Pipeline->Illuminate\\Pipeline\\{closure}()
#32 /var/www/vhosts/db-preprod.com360degree.com/httpdocs/vendor/laravel/framework/src/Illuminate/Routing/Router.php(687): Illuminate\\Pipeline\\Pipeline->then()
#33 /var/www/vhosts/db-preprod.com360degree.com/httpdocs/vendor/laravel/framework/src/Illuminate/Routing/Router.php(662): Illuminate\\Routing\\Router->runRouteWithinStack()
#34 /var/www/vhosts/db-preprod.com360degree.com/httpdocs/vendor/laravel/framework/src/Illuminate/Routing/Router.php(628): Illuminate\\Routing\\Router->runRoute()
#35 /var/www/vhosts/db-preprod.com360degree.com/httpdocs/vendor/laravel/framework/src/Illuminate/Routing/Router.php(617): Illuminate\\Routing\\Router->dispatchToRoute()
#36 /var/www/vhosts/db-preprod.com360degree.com/httpdocs/vendor/laravel/framework/src/Illuminate/Foundation/Http/Kernel.php(165): Illuminate\\Routing\\Router->dispatch()
#37 /var/www/vhosts/db-preprod.com360degree.com/httpdocs/vendor/laravel/framework/src/Illuminate/Pipeline/Pipeline.php(128): Illuminate\\Foundation\\Http\\Kernel->Illuminate\\Foundation\\Http\\{closure}()
#38 /var/www/vhosts/db-preprod.com360degree.com/httpdocs/vendor/laravel/framework/src/Illuminate/Foundation/Http/Middleware/TransformsRequest.php(21): Illuminate\\Pipeline\\Pipeline->Illuminate\\Pipeline\\{closure}()
#39 /var/www/vhosts/db-preprod.com360degree.com/httpdocs/vendor/laravel/framework/src/Illuminate/Pipeline/Pipeline.php(167): Illuminate\\Foundation\\Http\\Middleware\\TransformsRequest->handle()
#40 /var/www/vhosts/db-preprod.com360degree.com/httpdocs/vendor/laravel/framework/src/Illuminate/Foundation/Http/Middleware/TransformsRequest.php(21): Illuminate\\Pipeline\\Pipeline->Illuminate\\Pipeline\\{closure}()
#41 /var/www/vhosts/db-preprod.com360degree.com/httpdocs/vendor/laravel/framework/src/Illuminate/Pipeline/Pipeline.php(167): Illuminate\\Foundation\\Http\\Middleware\\TransformsRequest->handle()
#42 /var/www/vhosts/db-preprod.com360degree.com/httpdocs/vendor/laravel/framework/src/Illuminate/Foundation/Http/Middleware/ValidatePostSize.php(27): Illuminate\\Pipeline\\Pipeline->Illuminate\\Pipeline\\{closure}()
#43 /var/www/vhosts/db-preprod.com360degree.com/httpdocs/vendor/laravel/framework/src/Illuminate/Pipeline/Pipeline.php(167): Illuminate\\Foundation\\Http\\Middleware\\ValidatePostSize->handle()
#44 /var/www/vhosts/db-preprod.com360degree.com/httpdocs/vendor/laravel/framework/src/Illuminate/Foundation/Http/Middleware/CheckForMaintenanceMode.php(63): Illuminate\\Pipeline\\Pipeline->Illuminate\\Pipeline\\{closure}()
#45 /var/www/vhosts/db-preprod.com360degree.com/httpdocs/vendor/laravel/framework/src/Illuminate/Pipeline/Pipeline.php(167): Illuminate\\Foundation\\Http\\Middleware\\CheckForMaintenanceMode->handle()
#46 /var/www/vhosts/db-preprod.com360degree.com/httpdocs/vendor/barryvdh/laravel-cors/src/HandleCors.php(37): Illuminate\\Pipeline\\Pipeline->Illuminate\\Pipeline\\{closure}()
#47 /var/www/vhosts/db-preprod.com360degree.com/httpdocs/vendor/laravel/framework/src/Illuminate/Pipeline/Pipeline.php(167): Fruitcake\\Cors\\HandleCors->handle()
#48 /var/www/vhosts/db-preprod.com360degree.com/httpdocs/vendor/fideloper/proxy/src/TrustProxies.php(57): Illuminate\\Pipeline\\Pipeline->Illuminate\\Pipeline\\{closure}()
#49 /var/www/vhosts/db-preprod.com360degree.com/httpdocs/vendor/laravel/framework/src/Illuminate/Pipeline/Pipeline.php(167): Fideloper\\Proxy\\TrustProxies->handle()
#50 /var/www/vhosts/db-preprod.com360degree.com/httpdocs/vendor/laravel/framework/src/Illuminate/Pipeline/Pipeline.php(103): Illuminate\\Pipeline\\Pipeline->Illuminate\\Pipeline\\{closure}()
#51 /var/www/vhosts/db-preprod.com360degree.com/httpdocs/vendor/laravel/framework/src/Illuminate/Foundation/Http/Kernel.php(140): Illuminate\\Pipeline\\Pipeline->then()
#52 /var/www/vhosts/db-preprod.com360degree.com/httpdocs/vendor/laravel/framework/src/Illuminate/Foundation/Http/Kernel.php(109): Illuminate\\Foundation\\Http\\Kernel->sendRequestThroughRouter()
#53 /var/www/vhosts/db-preprod.com360degree.com/httpdocs/index.php(55): Illuminate\\Foundation\\Http\\Kernel->handle()
#54 {main}
"} 
